Vivado Simulator 2016.4
Copyright 1986-1999, 2001-2016 Xilinx, Inc. All Rights Reserved.
Running: C:/Xilinx/Vivado/2016.4/bin/unwrapped/win64.o/xelab.exe -wto ba67d892b9ca4adfbe2e2fda0ea24f70 --debug typical --relax --mt 2 -L xil_defaultlib -L secureip --snapshot fft_top_tb_behav xil_defaultlib.fft_top_tb -log elaborate.log 
Using 2 slave threads.
Starting static elaboration
Completed static elaboration
Starting simulation data flow analysis
Completed simulation data flow analysis
Time Resolution for simulation is 1ps
Compiling package std.standard
Compiling package std.textio
Compiling package ieee.std_logic_1164
Compiling package ieee.numeric_std
Compiling package ieee.std_logic_textio
Compiling package ieee.std_logic_arith
Compiling package ieee.std_logic_unsigned
Compiling package xil_defaultlib.math_real
Compiling architecture behavioral of entity xil_defaultlib.fft_rom [fft_rom_default]
Compiling architecture rtl of entity xil_defaultlib.delayline [\delayline(delay=7,iowidth=9)\]
Compiling architecture fourmult of entity xil_defaultlib.rotator [\rotator(d_width=9)\]
Compiling architecture rtl of entity xil_defaultlib.twiddle_rom [\twiddle_rom(exponent=8,inwidth=...]
Compiling architecture rtl of entity xil_defaultlib.butterfly [butterfly_default]
Compiling architecture rtl of entity xil_defaultlib.delayline [\delayline(delay=6,iowidth=10)\]
Compiling architecture fourmult of entity xil_defaultlib.rotator [\rotator(d_width=10)\]
Compiling architecture rtl of entity xil_defaultlib.twiddle_rom [\twiddle_rom(exponent=8,inwidth=...]
Compiling architecture rtl of entity xil_defaultlib.butterfly [\butterfly(iowidth=9)\]
Compiling architecture rtl of entity xil_defaultlib.delayline [\delayline(delay=5,iowidth=11)\]
Compiling architecture fourmult of entity xil_defaultlib.rotator [\rotator(d_width=11)\]
Compiling architecture rtl of entity xil_defaultlib.twiddle_rom [\twiddle_rom(exponent=8,inwidth=...]
Compiling architecture rtl of entity xil_defaultlib.butterfly [\butterfly(iowidth=10)\]
Compiling architecture rtl of entity xil_defaultlib.delayline [\delayline(delay=4,iowidth=12)\]
Compiling architecture fourmult of entity xil_defaultlib.rotator [\rotator(d_width=12)\]
Compiling architecture rtl of entity xil_defaultlib.twiddle_rom [\twiddle_rom(exponent=8,inwidth=...]
Compiling architecture rtl of entity xil_defaultlib.butterfly [\butterfly(iowidth=11)\]
Compiling architecture rtl of entity xil_defaultlib.delayline [\delayline(delay=3,iowidth=13)\]
Compiling architecture fourmult of entity xil_defaultlib.rotator [\rotator(d_width=13)\]
Compiling architecture rtl of entity xil_defaultlib.twiddle_rom [\twiddle_rom(exponent=8,inwidth=...]
Compiling architecture rtl of entity xil_defaultlib.butterfly [\butterfly(iowidth=12)\]
Compiling architecture rtl of entity xil_defaultlib.delayline [\delayline(delay=2,iowidth=14)\]
Compiling architecture fourmult of entity xil_defaultlib.rotator [\rotator(d_width=14)\]
Compiling architecture rtl of entity xil_defaultlib.twiddle_rom [\twiddle_rom(exponent=8,outwidth...]
Compiling architecture rtl of entity xil_defaultlib.butterfly [\butterfly(iowidth=13)\]
Compiling architecture rtl of entity xil_defaultlib.delayline [\delayline(delay=1,iowidth=15)\]
Compiling architecture fourmult of entity xil_defaultlib.rotator [\rotator(d_width=15)\]
Compiling architecture rtl of entity xil_defaultlib.twiddle_rom [\twiddle_rom(exponent=8,inwidth=...]
Compiling architecture rtl of entity xil_defaultlib.butterfly [\butterfly(iowidth=14)\]
Compiling architecture rtl of entity xil_defaultlib.butterfly [\butterfly(iowidth=15)\]
Compiling architecture behav of entity xil_defaultlib.counter [\counter(width=8)\]
Compiling architecture dif_r2sdf of entity xil_defaultlib.fft [fft_default]
Compiling architecture behavioral of entity xil_defaultlib.fft_top [fft_top_default]
Compiling architecture behavioral of entity xil_defaultlib.fft_top_tb
Built simulation snapshot fft_top_tb_behav
