#
# A fatal error has been detected by the Java Runtime Environment:
#
#  Internal Error (0xc000000d), pid=9960, tid=13980
#
# JRE version: Java(TM) SE Runtime Environment (8.0_66-b18) (build 1.8.0_66-b18)
# Java VM: Java HotSpot(TM) 64-Bit Server VM (25.66-b18 mixed mode windows-amd64 compressed oops)
# Problematic frame:
# C  [ntdll.dll+0x108b00]
#
# Failed to write core dump. Minidumps are not enabled by default on client versions of Windows
#
# If you would like to submit a bug report, please visit:
#   http://bugreport.java.com/bugreport/crash.jsp
#

---------------  T H R E A D  ---------------

Current thread (0x0000000013d27800):  VMThread [stack: 0x0000000014db0000,0x0000000014eb0000] [id=13980]

siginfo: ExceptionCode=0xc000000d

Registers:
RAX=0x0000000000000000, RBX=0xfffffffffffffffe, RCX=0x0000000014eaeee0, RDX=0x00000000536cd652
RSP=0x0000000014eaf1a0, RBP=0x00007ffde9467408, RSI=0x0000000000000000, RDI=0x0000000000000fe0
R8 =0x0000000000000000, R9 =0x0000000000140012, R10=0x0000000014eaeda0, R11=0x0000000000000005
R12=0x0000000023cc85a0, R13=0x00000000229bbcf0, R14=0x0000000023cc86a8, R15=0x0000000014eaf318
RIP=0x00007ffdf7188b00, EFLAGS=0x0000000000000206

Top of Stack: (sp=0x0000000014eaf1a0)
0x0000000014eaf1a0:   0000000000000057 fffffffffffffffe
0x0000000014eaf1b0:   0000000000000000 0000000000000fe0
0x0000000014eaf1c0:   00000000c000000d 0000000000000000
0x0000000014eaf1d0:   00007ffdf7188b00 0000000000000000
0x0000000014eaf1e0:   0000000000000000 0000000000000000
0x0000000014eaf1f0:   0000000000000000 0000000000000000
0x0000000014eaf200:   0000000000000000 0000000000000000
0x0000000014eaf210:   0000000000000000 0000000000000000
0x0000000014eaf220:   0000000000000000 0000000000000000
0x0000000014eaf230:   0000000000000000 0000000000000000
0x0000000014eaf240:   0000000000000000 0000000000000000
0x0000000014eaf250:   0000000000000000 0000000000000000
0x0000000014eaf260:   0000002f54d7db37 0000000000000000
0x0000000014eaf270:   0000000000000120 00007ffdf71372cb
0x0000000014eaf280:   0000000000000002 0000000000000013
0x0000000014eaf290:   0000000000000000 0000000000000000 

Instructions: (pc=0x00007ffdf7188b00)
0x00007ffdf7188ae0:   7f f9 ff c7 44 24 20 0d 00 00 c0 b9 57 00 00 00
0x00007ffdf7188af0:   e8 6b e5 f3 ff 90 48 8d 4c 24 20 e8 b0 c4 ef ff
0x00007ffdf7188b00:   eb 00 48 8b 8c 24 c0 00 00 00 48 33 cc e8 ee 1a
0x00007ffdf7188b10:   f8 ff 48 81 c4 d8 00 00 00 c3 40 55 48 83 ec 20 


Register to memory mapping:

RAX=0x0000000000000000 is an unknown value
RBX=0xfffffffffffffffe is an unknown value
RCX=0x0000000014eaeee0 is an unknown value
RDX=0x00000000536cd652 is an unknown value
RSP=0x0000000014eaf1a0 is an unknown value
RBP=0x00007ffde9467408 is an unknown value
RSI=0x0000000000000000 is an unknown value
RDI=0x0000000000000fe0 is an unknown value
R8 =0x0000000000000000 is an unknown value
R9 =0x0000000000140012 is pointing into the stack for thread: 0x000000000283e800
R10=0x0000000014eaeda0 is an unknown value
R11=0x0000000000000005 is an unknown value
R12=0x0000000023cc85a0 is an unknown value
R13=0x00000000229bbcf0 is an unknown value
R14=0x0000000023cc86a8 is an unknown value
R15=0x0000000014eaf318 is an unknown value


Stack: [0x0000000014db0000,0x0000000014eb0000],  sp=0x0000000014eaf1a0,  free space=1020k
Native frames: (J=compiled Java code, j=interpreted, Vv=VM code, C=native code)
C  [ntdll.dll+0x108b00]
C  [ntdll.dll+0xb72cb]
C  [KERNEL32.DLL+0x1e36a]
C  [MSVCR110.dll+0x752d]
C  [MSVCR110.dll+0x73c6]
C  [MSVCR110.dll+0x14cca]
C  [MSVCR110.dll+0x13edc]
C  [MSVCR110.dll+0x239e]
C  [MSVCR110.dll+0xaf9e]
C  [MSVCP110.dll+0x397b9]
C  [librdi_common.dll+0x183a66]
C  [librdi_common.dll+0x1826fb]
C  [librdi_target_manager.dll+0x2400]
C  [librdi_target_manager.dll+0x2682]
C  [ntdll.dll+0x34023]
C  [ntdll.dll+0x409d5]
C  [ntdll.dll+0x40898]
C  [KERNEL32.DLL+0x1b19a]
C  [MSVCR100.dll+0x20ccd]
V  [jvm.dll+0x210cc5]
V  [jvm.dll+0x249897]
V  [jvm.dll+0x248b36]
V  [jvm.dll+0x248fd1]
V  [jvm.dll+0x2491ee]
V  [jvm.dll+0x29a0fa]
C  [MSVCR100.dll+0x21d9f]
C  [MSVCR100.dll+0x21e3b]
C  [KERNEL32.DLL+0x13034]
C  [ntdll.dll+0x71431]

VM_Operation (0x000000000014f4c0): Exit, mode: safepoint, requested by thread 0x000000000283e800


---------------  P R O C E S S  ---------------

Java Threads: ( => current thread )
  0x000000001ee45000 JavaThread "Thread-30" daemon [_thread_blocked, id=17612, stack(0x0000000027110000,0x0000000027210000)]
  0x000000001b587800 JavaThread "TCF Channel Transmitter" daemon [_thread_blocked, id=7576, stack(0x0000000026010000,0x0000000026110000)]
  0x000000001b585000 JavaThread "TCF Channel Receiver" daemon [_thread_in_native, id=7436, stack(0x0000000025f10000,0x0000000026010000)]
  0x000000001b589800 JavaThread "Process monitor" daemon [_thread_in_native, id=9116, stack(0x0000000024640000,0x0000000024740000)]
  0x000000001b588000 JavaThread "Input Stream Monitor" daemon [_thread_blocked, id=6844, stack(0x0000000024540000,0x0000000024640000)]
  0x00000000161e8800 JavaThread "Output Stream Monitor" daemon [_thread_in_native, id=604, stack(0x0000000024440000,0x0000000024540000)]
  0x00000000161e8000 JavaThread "Output Stream Monitor" daemon [_thread_in_native, id=1248, stack(0x0000000024340000,0x0000000024440000)]
  0x000000001b581000 JavaThread "TCF Locator DNS Lookup" daemon [_thread_blocked, id=1144, stack(0x00000000239d0000,0x0000000023ad0000)]
  0x000000001b580800 JavaThread "TCF Locator Timer" daemon [_thread_blocked, id=5740, stack(0x00000000238d0000,0x00000000239d0000)]
  0x000000001b583000 JavaThread "TCF Locator Receiver" daemon [_thread_in_native, id=16048, stack(0x00000000237d0000,0x00000000238d0000)]
  0x000000001b57f000 JavaThread "TCF Timer Dispatcher" daemon [_thread_blocked, id=9044, stack(0x00000000235d0000,0x00000000236d0000)]
  0x00000000165c1800 JavaThread "EMF Reference Cleaner" daemon [_thread_blocked, id=3592, stack(0x0000000018cd0000,0x0000000018dd0000)]
  0x0000000013dbd800 JavaThread "Service Thread" daemon [_thread_blocked, id=8560, stack(0x0000000015aa0000,0x0000000015ba0000)]
  0x0000000013d6c800 JavaThread "C1 CompilerThread2" daemon [_thread_blocked, id=7148, stack(0x00000000155a0000,0x00000000156a0000)]
  0x0000000013d66000 JavaThread "C2 CompilerThread1" daemon [_thread_blocked, id=15960, stack(0x00000000154a0000,0x00000000155a0000)]
  0x0000000013d61000 JavaThread "C2 CompilerThread0" daemon [_thread_blocked, id=15524, stack(0x00000000153a0000,0x00000000154a0000)]
  0x0000000013d60000 JavaThread "Attach Listener" daemon [_thread_blocked, id=7248, stack(0x00000000152a0000,0x00000000153a0000)]
  0x0000000013d5e800 JavaThread "Signal Dispatcher" daemon [_thread_blocked, id=14184, stack(0x00000000151a0000,0x00000000152a0000)]
  0x0000000002939800 JavaThread "Finalizer" daemon [_thread_blocked, id=660, stack(0x0000000014fb0000,0x00000000150b0000)]
  0x0000000002931800 JavaThread "Reference Handler" daemon [_thread_blocked, id=15304, stack(0x0000000014eb0000,0x0000000014fb0000)]
  0x000000000283e800 JavaThread "main" [_thread_blocked, id=8444, stack(0x0000000000050000,0x0000000000150000)]

Other Threads:
=>0x0000000013d27800 VMThread [stack: 0x0000000014db0000,0x0000000014eb0000] [id=13980]

VM state:at safepoint (shutting down)

VM Mutex/Monitor currently owned by a thread:  ([mutex/lock_event])
[0x000000000283db00] Threads_lock - owner thread: 0x0000000013d27800

Heap:
 PSYoungGen      total 38912K, used 23183K [0x00000000f5580000, 0x00000000f8b00000, 0x0000000100000000)
  eden space 36352K, 56% used [0x00000000f5580000,0x00000000f69aa2a8,0x00000000f7900000)
  from space 2560K, 99% used [0x00000000f7980000,0x00000000f7bf9a68,0x00000000f7c00000)
  to   space 9216K, 0% used [0x00000000f8200000,0x00000000f8200000,0x00000000f8b00000)
 ParOldGen       total 107520K, used 72595K [0x00000000e0000000, 0x00000000e6900000, 0x00000000f5580000)
  object space 107520K, 67% used [0x00000000e0000000,0x00000000e46e4e20,0x00000000e6900000)
 Metaspace       used 99715K, capacity 107260K, committed 107824K, reserved 1142784K
  class space    used 11709K, capacity 14002K, committed 14128K, reserved 1048576K

Card table byte_map: [0x0000000011d00000,0x0000000011e10000] byte_map_base: 0x0000000011600000

Marking Bits: (ParMarkBitMap*) 0x000000005e6fa5b0
 Begin Bits: [0x00000000122c0000, 0x0000000012ac0000)
 End Bits:   [0x0000000012ac0000, 0x00000000132c0000)

Polling page: 0x00000000021f0000

CodeCache: size=245760Kb used=62794Kb max_used=62794Kb free=182965Kb
 bounds [0x0000000002940000, 0x0000000006710000, 0x0000000011940000]
 total_blobs=17038 nmethods=16119 adapters=825
 compilation: enabled

Compilation events (10 events):
Event: 4032.412 Thread 0x0000000013d6c800 20829       3       java.util.concurrent.atomic.AtomicReference::getAndSet (12 bytes)
Event: 4032.412 Thread 0x0000000013d6c800 nmethod 20829 0x0000000005932250 code [0x00000000059323a0, 0x0000000005932510]
Event: 4032.412 Thread 0x0000000013d6c800 20830       3       sun.misc.Unsafe::getAndSetObject (24 bytes)
Event: 4032.412 Thread 0x0000000013d6c800 nmethod 20830 0x0000000005931e10 code [0x0000000005931f80, 0x0000000005932190]
Event: 4032.412 Thread 0x0000000013d6c800 20831       3       org.eclipse.osgi.internal.framework.EquinoxContainerAdaptor::invalidateWiring (186 bytes)
Event: 4032.416 Thread 0x0000000013d6c800 nmethod 20831 0x00000000066ff190 code [0x00000000066ff560, 0x0000000006701ed8]
Event: 4032.416 Thread 0x0000000013d6c800 20832   !   3       org.eclipse.osgi.container.ModuleDatabase::getRevisionsTimestamp (25 bytes)
Event: 4032.416 Thread 0x0000000013d6c800 nmethod 20832 0x0000000005930810 code [0x0000000005930a20, 0x0000000005931758]
Event: 4032.416 Thread 0x0000000013d6c800 20833       3       org.eclipse.osgi.internal.framework.EquinoxContainerAdaptor::clearManifestCache (84 bytes)
Event: 4032.418 Thread 0x0000000013d6c800 nmethod 20833 0x0000000006703650 code [0x00000000067038a0, 0x0000000006704fb8]

GC Heap History (10 events):
Event: 3495.172 GC heap before
{Heap before GC invocations=57 (full 4):
 PSYoungGen      total 49152K, used 41906K [0x00000000f5580000, 0x00000000f9180000, 0x0000000100000000)
  eden space 38912K, 100% used [0x00000000f5580000,0x00000000f7b80000,0x00000000f7b80000)
  from space 10240K, 29% used [0x00000000f8780000,0x00000000f8a6cb88,0x00000000f9180000)
  to   space 11264K, 0% used [0x00000000f7b80000,0x00000000f7b80000,0x00000000f8680000)
 ParOldGen       total 107520K, used 71855K [0x00000000e0000000, 0x00000000e6900000, 0x00000000f5580000)
  object space 107520K, 66% used [0x00000000e0000000,0x00000000e462bd50,0x00000000e6900000)
 Metaspace       used 99058K, capacity 106548K, committed 106928K, reserved 1142784K
  class space    used 11649K, capacity 13900K, committed 14000K, reserved 1048576K
Event: 3495.177 GC heap after
Heap after GC invocations=57 (full 4):
 PSYoungGen      total 42496K, used 3602K [0x00000000f5580000, 0x00000000f9000000, 0x0000000100000000)
  eden space 38400K, 0% used [0x00000000f5580000,0x00000000f5580000,0x00000000f7b00000)
  from space 4096K, 87% used [0x00000000f7b80000,0x00000000f7f04b68,0x00000000f7f80000)
  to   space 10752K, 0% used [0x00000000f8580000,0x00000000f8580000,0x00000000f9000000)
 ParOldGen       total 107520K, used 72067K [0x00000000e0000000, 0x00000000e6900000, 0x00000000f5580000)
  object space 107520K, 67% used [0x00000000e0000000,0x00000000e4660dc0,0x00000000e6900000)
 Metaspace       used 99058K, capacity 106548K, committed 106928K, reserved 1142784K
  class space    used 11649K, capacity 13900K, committed 14000K, reserved 1048576K
}
Event: 3496.704 GC heap before
{Heap before GC invocations=58 (full 4):
 PSYoungGen      total 42496K, used 42002K [0x00000000f5580000, 0x00000000f9000000, 0x0000000100000000)
  eden space 38400K, 100% used [0x00000000f5580000,0x00000000f7b00000,0x00000000f7b00000)
  from space 4096K, 87% used [0x00000000f7b80000,0x00000000f7f04b68,0x00000000f7f80000)
  to   space 10752K, 0% used [0x00000000f8580000,0x00000000f8580000,0x00000000f9000000)
 ParOldGen       total 107520K, used 72067K [0x00000000e0000000, 0x00000000e6900000, 0x00000000f5580000)
  object space 107520K, 67% used [0x00000000e0000000,0x00000000e4660dc0,0x00000000e6900000)
 Metaspace       used 99074K, capacity 106548K, committed 106928K, reserved 1142784K
  class space    used 11649K, capacity 13900K, committed 14000K, reserved 1048576K
Event: 3496.709 GC heap after
Heap after GC invocations=58 (full 4):
 PSYoungGen      total 47104K, used 3954K [0x00000000f5580000, 0x00000000f8e80000, 0x0000000100000000)
  eden space 37888K, 0% used [0x00000000f5580000,0x00000000f5580000,0x00000000f7a80000)
  from space 9216K, 42% used [0x00000000f8580000,0x00000000f895cb98,0x00000000f8e80000)
  to   space 10240K, 0% used [0x00000000f7a80000,0x00000000f7a80000,0x00000000f8480000)
 ParOldGen       total 107520K, used 72163K [0x00000000e0000000, 0x00000000e6900000, 0x00000000f5580000)
  object space 107520K, 67% used [0x00000000e0000000,0x00000000e4678dc0,0x00000000e6900000)
 Metaspace       used 99074K, capacity 106548K, committed 106928K, reserved 1142784K
  class space    used 11649K, capacity 13900K, committed 14000K, reserved 1048576K
}
Event: 3752.619 GC heap before
{Heap before GC invocations=59 (full 4):
 PSYoungGen      total 47104K, used 41842K [0x00000000f5580000, 0x00000000f8e80000, 0x0000000100000000)
  eden space 37888K, 100% used [0x00000000f5580000,0x00000000f7a80000,0x00000000f7a80000)
  from space 9216K, 42% used [0x00000000f8580000,0x00000000f895cb98,0x00000000f8e80000)
  to   space 10240K, 0% used [0x00000000f7a80000,0x00000000f7a80000,0x00000000f8480000)
 ParOldGen       total 107520K, used 72163K [0x00000000e0000000, 0x00000000e6900000, 0x00000000f5580000)
  object space 107520K, 67% used [0x00000000e0000000,0x00000000e4678dc0,0x00000000e6900000)
 Metaspace       used 99109K, capacity 106548K, committed 106928K, reserved 1142784K
  class space    used 11649K, capacity 13900K, committed 14000K, reserved 1048576K
Event: 3752.624 GC heap after
Heap after GC invocations=59 (full 4):
 PSYoungGen      total 41984K, used 4262K [0x00000000f5580000, 0x00000000f8d00000, 0x0000000100000000)
  eden space 37376K, 0% used [0x00000000f5580000,0x00000000f5580000,0x00000000f7a00000)
  from space 4608K, 92% used [0x00000000f7a80000,0x00000000f7ea9a68,0x00000000f7f00000)
  to   space 9728K, 0% used [0x00000000f8380000,0x00000000f8380000,0x00000000f8d00000)
 ParOldGen       total 107520K, used 72227K [0x00000000e0000000, 0x00000000e6900000, 0x00000000f5580000)
  object space 107520K, 67% used [0x00000000e0000000,0x00000000e4688dc0,0x00000000e6900000)
 Metaspace       used 99109K, capacity 106548K, committed 106928K, reserved 1142784K
  class space    used 11649K, capacity 13900K, committed 14000K, reserved 1048576K
}
Event: 4029.314 GC heap before
{Heap before GC invocations=60 (full 4):
 PSYoungGen      total 41984K, used 41638K [0x00000000f5580000, 0x00000000f8d00000, 0x0000000100000000)
  eden space 37376K, 100% used [0x00000000f5580000,0x00000000f7a00000,0x00000000f7a00000)
  from space 4608K, 92% used [0x00000000f7a80000,0x00000000f7ea9a68,0x00000000f7f00000)
  to   space 9728K, 0% used [0x00000000f8380000,0x00000000f8380000,0x00000000f8d00000)
 ParOldGen       total 107520K, used 72227K [0x00000000e0000000, 0x00000000e6900000, 0x00000000f5580000)
  object space 107520K, 67% used [0x00000000e0000000,0x00000000e4688dc0,0x00000000e6900000)
 Metaspace       used 99159K, capacity 106676K, committed 107184K, reserved 1142784K
  class space    used 11649K, capacity 13900K, committed 14000K, reserved 1048576K
Event: 4029.320 GC heap after
Heap after GC invocations=60 (full 4):
 PSYoungGen      total 45056K, used 4486K [0x00000000f5580000, 0x00000000f8b80000, 0x0000000100000000)
  eden space 36864K, 0% used [0x00000000f5580000,0x00000000f5580000,0x00000000f7980000)
  from space 8192K, 54% used [0x00000000f8380000,0x00000000f87e1a68,0x00000000f8b80000)
  to   space 9216K, 0% used [0x00000000f7980000,0x00000000f7980000,0x00000000f8280000)
 ParOldGen       total 107520K, used 72283K [0x00000000e0000000, 0x00000000e6900000, 0x00000000f5580000)
  object space 107520K, 67% used [0x00000000e0000000,0x00000000e4696dc0,0x00000000e6900000)
 Metaspace       used 99159K, capacity 106676K, committed 107184K, reserved 1142784K
  class space    used 11649K, capacity 13900K, committed 14000K, reserved 1048576K
}
Event: 4031.336 GC heap before
{Heap before GC invocations=61 (full 4):
 PSYoungGen      total 45056K, used 41350K [0x00000000f5580000, 0x00000000f8b80000, 0x0000000100000000)
  eden space 36864K, 100% used [0x00000000f5580000,0x00000000f7980000,0x00000000f7980000)
  from space 8192K, 54% used [0x00000000f8380000,0x00000000f87e1a68,0x00000000f8b80000)
  to   space 9216K, 0% used [0x00000000f7980000,0x00000000f7980000,0x00000000f8280000)
 ParOldGen       total 107520K, used 72283K [0x00000000e0000000, 0x00000000e6900000, 0x00000000f5580000)
  object space 107520K, 67% used [0x00000000e0000000,0x00000000e4696dc0,0x00000000e6900000)
 Metaspace       used 99288K, capacity 106776K, committed 107184K, reserved 1142784K
  class space    used 11663K, capacity 13906K, committed 14000K, reserved 1048576K
Event: 4031.342 GC heap after
Heap after GC invocations=61 (full 4):
 PSYoungGen      total 38912K, used 2534K [0x00000000f5580000, 0x00000000f8b00000, 0x0000000100000000)
  eden space 36352K, 0% used [0x00000000f5580000,0x00000000f5580000,0x00000000f7900000)
  from space 2560K, 99% used [0x00000000f7980000,0x00000000f7bf9a68,0x00000000f7c00000)
  to   space 9216K, 0% used [0x00000000f8200000,0x00000000f8200000,0x00000000f8b00000)
 ParOldGen       total 107520K, used 72595K [0x00000000e0000000, 0x00000000e6900000, 0x00000000f5580000)
  object space 107520K, 67% used [0x00000000e0000000,0x00000000e46e4e20,0x00000000e6900000)
 Metaspace       used 99288K, capacity 106776K, committed 107184K, reserved 1142784K
  class space    used 11663K, capacity 13906K, committed 14000K, reserved 1048576K
}

Deoptimization events (10 events):
Event: 4032.369 Thread 0x00000000161e5800 Uncommon trap: reason=unstable_if action=reinterpret pc=0x00000000065461a0 method=org.eclipse.osgi.framework.eventmgr.EventManager$EventThread.getNextEvent()Lorg/eclipse/osgi/framework/eventmgr/EventManager$EventThread$Queued; @ 15
Event: 4032.371 Thread 0x000000001b583800 Uncommon trap: reason=unstable_if action=reinterpret pc=0x00000000066e0ab0 method=org.eclipse.core.internal.jobs.JobManager.nextJob()Lorg/eclipse/core/runtime/jobs/Job; @ 80
Event: 4032.371 Thread 0x000000001b583800 Uncommon trap: reason=unstable_if action=reinterpret pc=0x0000000005f1d460 method=org.eclipse.core.internal.jobs.WorkerPool.startJob(Lorg/eclipse/core/internal/jobs/Worker;)Lorg/eclipse/core/internal/jobs/InternalJob; @ 177
Event: 4032.371 Thread 0x000000001ee4b800 Uncommon trap: reason=unstable_if action=reinterpret pc=0x0000000005f1d460 method=org.eclipse.core.internal.jobs.WorkerPool.startJob(Lorg/eclipse/core/internal/jobs/Worker;)Lorg/eclipse/core/internal/jobs/InternalJob; @ 177
Event: 4032.371 Thread 0x0000000015fb6000 Uncommon trap: reason=unstable_if action=reinterpret pc=0x0000000005f1d460 method=org.eclipse.core.internal.jobs.WorkerPool.startJob(Lorg/eclipse/core/internal/jobs/Worker;)Lorg/eclipse/core/internal/jobs/InternalJob; @ 177
Event: 4032.372 Thread 0x000000001b57d800 Uncommon trap: reason=unstable_if action=reinterpret pc=0x0000000005f1d460 method=org.eclipse.core.internal.jobs.WorkerPool.startJob(Lorg/eclipse/core/internal/jobs/Worker;)Lorg/eclipse/core/internal/jobs/InternalJob; @ 177
Event: 4032.374 Thread 0x000000001b57c800 Uncommon trap: reason=unstable_if action=reinterpret pc=0x0000000005f1d460 method=org.eclipse.core.internal.jobs.WorkerPool.startJob(Lorg/eclipse/core/internal/jobs/Worker;)Lorg/eclipse/core/internal/jobs/InternalJob; @ 177
Event: 4032.375 Thread 0x0000000021118800 Uncommon trap: reason=unstable_if action=reinterpret pc=0x0000000005f1d460 method=org.eclipse.core.internal.jobs.WorkerPool.startJob(Lorg/eclipse/core/internal/jobs/Worker;)Lorg/eclipse/core/internal/jobs/InternalJob; @ 177
Event: 4032.375 Thread 0x0000000021117800 Uncommon trap: reason=unstable_if action=reinterpret pc=0x0000000005f1d460 method=org.eclipse.core.internal.jobs.WorkerPool.startJob(Lorg/eclipse/core/internal/jobs/Worker;)Lorg/eclipse/core/internal/jobs/InternalJob; @ 177
Event: 4032.408 Thread 0x00000000161e6800 Uncommon trap: reason=unstable_if action=reinterpret pc=0x00000000065461a0 method=org.eclipse.osgi.framework.eventmgr.EventManager$EventThread.getNextEvent()Lorg/eclipse/osgi/framework/eventmgr/EventManager$EventThread$Queued; @ 15

Internal exceptions (10 events):
Event: 4031.652 Thread 0x000000000283e800 Exception <a 'java/io/FileNotFoundException'> (0x00000000f6053fb8) thrown at [C:\re\workspace\8-2-build-windows-amd64-cygwin\jdk8u66\5298\hotspot\src\share\vm\prims\jni.cpp, line 709]
Event: 4031.652 Thread 0x000000000283e800 Exception <a 'java/io/FileNotFoundException'> (0x00000000f6056000) thrown at [C:\re\workspace\8-2-build-windows-amd64-cygwin\jdk8u66\5298\hotspot\src\share\vm\prims\jni.cpp, line 709]
Event: 4031.652 Thread 0x000000000283e800 Exception <a 'java/io/FileNotFoundException'> (0x00000000f6057fe8) thrown at [C:\re\workspace\8-2-build-windows-amd64-cygwin\jdk8u66\5298\hotspot\src\share\vm\prims\jni.cpp, line 709]
Event: 4031.652 Thread 0x000000000283e800 Exception <a 'java/io/FileNotFoundException'> (0x00000000f6059fd8) thrown at [C:\re\workspace\8-2-build-windows-amd64-cygwin\jdk8u66\5298\hotspot\src\share\vm\prims\jni.cpp, line 709]
Event: 4031.652 Thread 0x000000000283e800 Exception <a 'java/io/FileNotFoundException'> (0x00000000f605c118) thrown at [C:\re\workspace\8-2-build-windows-amd64-cygwin\jdk8u66\5298\hotspot\src\share\vm\prims\jni.cpp, line 709]
Event: 4031.725 Thread 0x000000001ee44000 Exception <a 'java/lang/InterruptedException'> (0x00000000f6468648) thrown at [C:\re\workspace\8-2-build-windows-amd64-cygwin\jdk8u66\5298\hotspot\src\share\vm\runtime\objectMonitor.cpp, line 1683]
Event: 4032.369 Thread 0x00000000161e5800 Exception <a 'java/lang/InterruptedException'> (0x00000000f60d7c18) thrown at [C:\re\workspace\8-2-build-windows-amd64-cygwin\jdk8u66\5298\hotspot\src\share\vm\runtime\objectMonitor.cpp, line 1683]
Event: 4032.396 Thread 0x00000000164ea000 Exception <a 'java/lang/InterruptedException'> (0x00000000f67bc308) thrown at [C:\re\workspace\8-2-build-windows-amd64-cygwin\jdk8u66\5298\hotspot\src\share\vm\runtime\objectMonitor.cpp, line 1683]
Event: 4032.408 Thread 0x00000000161e6800 Exception <a 'java/lang/InterruptedException'> (0x00000000f5aebdf8) thrown at [C:\re\workspace\8-2-build-windows-amd64-cygwin\jdk8u66\5298\hotspot\src\share\vm\runtime\objectMonitor.cpp, line 1683]
Event: 4032.409 Thread 0x0000000016051800 Exception <a 'java/lang/InterruptedException'> (0x00000000f6963028) thrown at [C:\re\workspace\8-2-build-windows-amd64-cygwin\jdk8u66\5298\hotspot\src\share\vm\runtime\objectMonitor.cpp, line 1683]

Events (10 events):
Event: 4032.413 loading class java/util/IdentityHashMap$IdentityHashMapIterator
Event: 4032.414 loading class java/util/IdentityHashMap$IdentityHashMapIterator done
Event: 4032.414 loading class java/util/IdentityHashMap$KeyIterator done
Event: 4032.415 Thread 0x0000000015fb2000 Thread added: 0x0000000015fb2000
Event: 4032.418 Executing VM operation: RevokeBias
Event: 4032.418 Executing VM operation: RevokeBias done
Event: 4032.419 Executing VM operation: RevokeBias
Event: 4032.419 Executing VM operation: RevokeBias done
Event: 4032.419 Thread 0x0000000015fb2000 Thread exited: 0x0000000015fb2000
Event: 4032.419 Executing VM operation: Exit


Dynamic libraries:
0x0000000000400000 - 0x000000000044f000 	C:\Xilinx\SDK\2016.4\eclipse\win64.o\eclipse.exe
0x00007ffdf7080000 - 0x00007ffdf7261000 	C:\WINDOWS\SYSTEM32\ntdll.dll
0x00007ffdf4d90000 - 0x00007ffdf4e42000 	C:\WINDOWS\System32\KERNEL32.DLL
0x00007ffdf34b0000 - 0x00007ffdf3723000 	C:\WINDOWS\System32\KERNELBASE.dll
0x00007ffdf6ec0000 - 0x00007ffdf7050000 	C:\WINDOWS\System32\USER32.dll
0x00007ffdf44f0000 - 0x00007ffdf4510000 	C:\WINDOWS\System32\win32u.dll
0x00007ffdf68b0000 - 0x00007ffdf68d8000 	C:\WINDOWS\System32\GDI32.dll
0x00007ffdf3fb0000 - 0x00007ffdf4142000 	C:\WINDOWS\System32\gdi32full.dll
0x00007ffdf3800000 - 0x00007ffdf389f000 	C:\WINDOWS\System32\msvcp_win.dll
0x00007ffdf4200000 - 0x00007ffdf42fa000 	C:\WINDOWS\System32\ucrtbase.dll
0x00007ffdf4510000 - 0x00007ffdf45ae000 	C:\WINDOWS\System32\msvcrt.dll
0x00007ffde50a0000 - 0x00007ffde5309000 	C:\WINDOWS\WinSxS\amd64_microsoft.windows.common-controls_6595b64144ccf1df_6.0.17134.165_none_fb429645306569ac\COMCTL32.dll
0x00007ffdf6b90000 - 0x00007ffdf6eb3000 	C:\WINDOWS\System32\combase.dll
0x00007ffdf4e50000 - 0x00007ffdf4f74000 	C:\WINDOWS\System32\RPCRT4.dll
0x00007ffdf3780000 - 0x00007ffdf37fa000 	C:\WINDOWS\System32\bcryptPrimitives.dll
0x00007ffdf6b00000 - 0x00007ffdf6b2d000 	C:\WINDOWS\System32\IMM32.DLL
0x0000000072000000 - 0x0000000072012000 	C:\Xilinx\SDK\2016.4\eclipse\win64.o\plugins\org.eclipse.equinox.launcher.win32.win32.x86_64_1.1.300.v20150602-1417\eclipse_1611.dll
0x00007ffdf50d0000 - 0x00007ffdf5171000 	C:\WINDOWS\System32\ADVAPI32.dll
0x00007ffdf6b30000 - 0x00007ffdf6b8b000 	C:\WINDOWS\System32\sechost.dll
0x00007ffdec2e0000 - 0x00007ffdec2ea000 	C:\WINDOWS\SYSTEM32\VERSION.dll
0x00007ffdf1410000 - 0x00007ffdf14a8000 	C:\WINDOWS\system32\uxtheme.dll
0x00007ffdf6710000 - 0x00007ffdf6885000 	C:\WINDOWS\System32\MSCTF.dll
0x00007ffdf68e0000 - 0x00007ffdf69a2000 	C:\WINDOWS\System32\OLEAUT32.dll
0x000000005def0000 - 0x000000005e779000 	C:\Xilinx\SDK\2016.4\tps\win64\jre\bin\server\jvm.dll
0x00007ffdf45b0000 - 0x00007ffdf45b8000 	C:\WINDOWS\System32\PSAPI.DLL
0x00007ffdf1760000 - 0x00007ffdf1769000 	C:\WINDOWS\SYSTEM32\WSOCK32.dll
0x00007ffdf1230000 - 0x00007ffdf1253000 	C:\WINDOWS\SYSTEM32\WINMM.dll
0x000000005dce0000 - 0x000000005ddb2000 	C:\WINDOWS\SYSTEM32\MSVCR100.dll
0x00007ffdf4bc0000 - 0x00007ffdf4c2c000 	C:\WINDOWS\System32\WS2_32.dll
0x00007ffdf1200000 - 0x00007ffdf122a000 	C:\WINDOWS\SYSTEM32\WINMMBASE.dll
0x00007ffdf3730000 - 0x00007ffdf3779000 	C:\WINDOWS\System32\cfgmgr32.dll
0x000000005dcd0000 - 0x000000005dcdf000 	C:\Xilinx\SDK\2016.4\tps\win64\jre\bin\verify.dll
0x000000005dca0000 - 0x000000005dcc9000 	C:\Xilinx\SDK\2016.4\tps\win64\jre\bin\java.dll
0x000000005dc80000 - 0x000000005dc96000 	C:\Xilinx\SDK\2016.4\tps\win64\jre\bin\zip.dll
0x00007ffdf5270000 - 0x00007ffdf66b0000 	C:\WINDOWS\System32\SHELL32.dll
0x00007ffdf5020000 - 0x00007ffdf50c9000 	C:\WINDOWS\System32\shcore.dll
0x00007ffdf38a0000 - 0x00007ffdf3fad000 	C:\WINDOWS\System32\windows.storage.dll
0x00007ffdf69c0000 - 0x00007ffdf6a11000 	C:\WINDOWS\System32\shlwapi.dll
0x00007ffdf33c0000 - 0x00007ffdf33d1000 	C:\WINDOWS\System32\kernel.appcore.dll
0x00007ffdf33a0000 - 0x00007ffdf33bf000 	C:\WINDOWS\System32\profapi.dll
0x00007ffdf3400000 - 0x00007ffdf344c000 	C:\WINDOWS\System32\powrprof.dll
0x00007ffdf3390000 - 0x00007ffdf339a000 	C:\WINDOWS\System32\FLTLIB.DLL
0x00007ffdf2d70000 - 0x00007ffdf2d87000 	C:\WINDOWS\SYSTEM32\CRYPTSP.dll
0x00007ffdf2790000 - 0x00007ffdf27c3000 	C:\WINDOWS\system32\rsaenh.dll
0x00007ffdf2e90000 - 0x00007ffdf2eb5000 	C:\WINDOWS\SYSTEM32\bcrypt.dll
0x00007ffdf3290000 - 0x00007ffdf32b8000 	C:\WINDOWS\SYSTEM32\USERENV.dll
0x00007ffdf2d60000 - 0x00007ffdf2d6b000 	C:\WINDOWS\SYSTEM32\CRYPTBASE.dll
0x000000005dc60000 - 0x000000005dc7a000 	C:\Xilinx\SDK\2016.4\tps\win64\jre\bin\net.dll
0x00007ffdf2bb0000 - 0x00007ffdf2c16000 	C:\WINDOWS\system32\mswsock.dll
0x00007ffdf2930000 - 0x00007ffdf2968000 	C:\WINDOWS\SYSTEM32\IPHLPAPI.DLL
0x00007ffdf69b0000 - 0x00007ffdf69b8000 	C:\WINDOWS\System32\NSI.dll
0x00007ffde9cb0000 - 0x00007ffde9cc6000 	C:\WINDOWS\SYSTEM32\dhcpcsvc6.DLL
0x00007ffde9cd0000 - 0x00007ffde9cea000 	C:\WINDOWS\SYSTEM32\dhcpcsvc.DLL
0x000000005dc40000 - 0x000000005dc51000 	C:\Xilinx\SDK\2016.4\tps\win64\jre\bin\nio.dll
0x00007ffde8fe0000 - 0x00007ffde9078000 	C:\WINDOWS\System32\TextInputFramework.dll
0x00007ffdf1000000 - 0x00007ffdf10da000 	C:\WINDOWS\System32\CoreMessaging.dll
0x00007ffdeebb0000 - 0x00007ffdeeece000 	C:\WINDOWS\System32\CoreUIComponents.dll
0x00007ffdf2480000 - 0x00007ffdf24b1000 	C:\WINDOWS\SYSTEM32\ntmarta.dll
0x00007ffdeea60000 - 0x00007ffdeebad000 	C:\WINDOWS\SYSTEM32\wintypes.dll
0x00007ffdf1a10000 - 0x00007ffdf1a39000 	C:\WINDOWS\system32\dwmapi.dll
0x00007ffdbf590000 - 0x00007ffdbf5a6000 	C:\WINDOWS\system32\napinsp.dll
0x00007ffdbf570000 - 0x00007ffdbf58a000 	C:\WINDOWS\system32\pnrpnsp.dll
0x00007ffdef310000 - 0x00007ffdef329000 	C:\WINDOWS\system32\NLAapi.dll
0x00007ffdf2970000 - 0x00007ffdf2a2e000 	C:\WINDOWS\SYSTEM32\DNSAPI.dll
0x00007ffdc89d0000 - 0x00007ffdc89de000 	C:\WINDOWS\System32\winrnr.dll
0x00007ffdd4910000 - 0x00007ffdd4925000 	C:\WINDOWS\System32\wshbth.dll
0x00007ffde6090000 - 0x00007ffde609a000 	C:\Windows\System32\rasadhlp.dll
0x00007ffde62d0000 - 0x00007ffde6342000 	C:\WINDOWS\System32\fwpuclnt.dll
0x0000000017eb0000 - 0x0000000017f58000 	C:\Users\Administrator\.Xilinx\SDK\2016.4\org.eclipse.osgi\319\0\.cp\swt-win32-4527.dll
0x00007ffdf4c30000 - 0x00007ffdf4d81000 	C:\WINDOWS\System32\ole32.dll
0x00007ffdf5180000 - 0x00007ffdf526d000 	C:\WINDOWS\System32\comdlg32.dll
0x00007ffdf4300000 - 0x00007ffdf44e2000 	C:\WINDOWS\System32\CRYPT32.dll
0x00007ffde2fb0000 - 0x00007ffde3034000 	C:\WINDOWS\SYSTEM32\WINSPOOL.DRV
0x00007ffdf33e0000 - 0x00007ffdf33f2000 	C:\WINDOWS\System32\MSASN1.dll
0x00007ffded950000 - 0x00007ffded969000 	C:\WINDOWS\SYSTEM32\USP10.dll
0x00007ffde49c0000 - 0x00007ffde4d0f000 	C:\WINDOWS\SYSTEM32\WININET.dll
0x00007ffdefa90000 - 0x00007ffdefc44000 	C:\WINDOWS\SYSTEM32\PROPSYS.dll
0x00007ffdf4f80000 - 0x00007ffdf5020000 	C:\WINDOWS\System32\clbcatq.dll
0x0000000002800000 - 0x000000000281e000 	C:\Users\Administrator\.Xilinx\SDK\2016.4\org.eclipse.osgi\319\0\.cp\swt-gdip-win32-4527.dll
0x00007ffde2cd0000 - 0x00007ffde2e6a000 	C:\WINDOWS\WinSxS\amd64_microsoft.windows.gdiplus_6595b64144ccf1df_1.1.17134.165_none_2c2d892a8af7e37a\gdiplus.dll
0x00007ffdef150000 - 0x00007ffdef2fe000 	C:\WINDOWS\SYSTEM32\WindowsCodecs.dll
0x0000000180000000 - 0x0000000180012000 	C:\Users\Administrator\.Xilinx\SDK\2016.4\org.eclipse.osgi\133\0\.cp\os\win32\x86_64\localfile_1_0_0.dll
0x00007ffdd7d60000 - 0x00007ffdd7dcb000 	C:\WINDOWS\SYSTEM32\oleacc.dll
0x00007ffde4240000 - 0x00007ffde4247000 	C:\WINDOWS\SYSTEM32\msimg32.dll
0x00007ffdec4c0000 - 0x00007ffdec4d1000 	C:\Users\Administrator\.Xilinx\SDK\2016.4\org.eclipse.osgi\136\0\.cp\jWinHttp-1.0.0.dll
0x00007ffdee550000 - 0x00007ffdee62c000 	C:\WINDOWS\SYSTEM32\WINHTTP.dll
0x00007ffdef3d0000 - 0x00007ffdef3df000 	C:\Xilinx\SDK\2016.4\lib\win64.o\librdi_repo_manager.dll
0x00007ffde4ea0000 - 0x00007ffde4ef3000 	C:\Xilinx\SDK\2016.4\lib\win64.o\librdi_commonxillic.dll
0x00007ffdec490000 - 0x00007ffdec4ba000 	C:\Xilinx\SDK\2016.4\lib\win64.o\libisl_sysinfo.dll
0x00007ffd5fa50000 - 0x00007ffd604fa000 	C:\Xilinx\SDK\2016.4\lib\win64.o\librdi_common.dll
0x00007ffde9540000 - 0x00007ffde95e7000 	C:\WINDOWS\SYSTEM32\MSVCP110.dll
0x00007ffde9460000 - 0x00007ffde9534000 	C:\WINDOWS\SYSTEM32\MSVCR110.dll
0x00007ffd851b0000 - 0x00007ffd853cf000 	C:\Xilinx\SDK\2016.4\lib\win64.o\libXil_lmgr11.dll
0x00007ffdc4ac0000 - 0x00007ffdc4bc6000 	C:\Xilinx\SDK\2016.4\lib\win64.o\libboost_regex.dll
0x00007ffdec420000 - 0x00007ffdec444000 	C:\Xilinx\SDK\2016.4\lib\win64.o\libboost_filesystem.dll
0x00007ffdf3450000 - 0x00007ffdf34a7000 	C:\WINDOWS\System32\WINTRUST.dll
0x00007ffdef340000 - 0x00007ffdef349000 	C:\Xilinx\SDK\2016.4\lib\win64.o\libboost_system.dll
0x00007ffd66450000 - 0x00007ffd667be000 	C:\Xilinx\SDK\2016.4\lib\win64.o\libCOIN-all.dll
0x00007ffdec480000 - 0x00007ffdec490000 	C:\Xilinx\SDK\2016.4\lib\win64.o\libboost_date_time.dll
0x00007ffde40a0000 - 0x00007ffde4117000 	C:\Xilinx\SDK\2016.4\lib\win64.o\libboost_program_options.dll
0x00007ffde9690000 - 0x00007ffde96a3000 	C:\Xilinx\SDK\2016.4\lib\win64.o\libboost_signals.dll
0x00007ffde9440000 - 0x00007ffde945d000 	C:\Xilinx\SDK\2016.4\lib\win64.o\libboost_thread.dll
0x00007ffdec470000 - 0x00007ffdec47b000 	C:\Xilinx\SDK\2016.4\lib\win64.o\libboost_xilinx.dll
0x00007ffde3fb0000 - 0x00007ffde4030000 	C:\Xilinx\SDK\2016.4\lib\win64.o\libhdlpsolve.dll
0x00007ffdc48d0000 - 0x00007ffdc496a000 	C:\Xilinx\SDK\2016.4\lib\win64.o\libhdxml.dll
0x00007ffde9420000 - 0x00007ffde9435000 	C:\Xilinx\SDK\2016.4\lib\win64.o\pthreadVC2.dll
0x00007ffdc4340000 - 0x00007ffdc4470000 	C:\Xilinx\SDK\2016.4\lib\win64.o\librdi_curl.dll
0x00007ffd65a30000 - 0x00007ffd65df9000 	C:\Xilinx\SDK\2016.4\lib\win64.o\libisl_iostreams.dll
0x00007ffde4180000 - 0x00007ffde4198000 	C:\Xilinx\SDK\2016.4\lib\win64.o\librdiconfig.dll
0x00007ffde3ec0000 - 0x00007ffde3edf000 	C:\Xilinx\SDK\2016.4\lib\win64.o\librdizlib.dll
0x000000005ddc0000 - 0x000000005dee7000 	C:\Xilinx\SDK\2016.4\lib\win64.o\tcl85t.dll
0x00007ffde7480000 - 0x00007ffde7648000 	C:\WINDOWS\SYSTEM32\urlmon.dll
0x00007ffde4e50000 - 0x00007ffde4e73000 	C:\WINDOWS\SYSTEM32\VCOMP110.DLL
0x00007ffde0780000 - 0x00007ffde0797000 	C:\WINDOWS\SYSTEM32\NETAPI32.dll
0x00007ffde3ea0000 - 0x00007ffde3eb6000 	C:\Xilinx\SDK\2016.4\lib\win64.o\libboost_iostreams.dll
0x00007ffdec410000 - 0x00007ffdec41b000 	C:\Xilinx\SDK\2016.4\lib\win64.o\libboost_chrono.dll
0x00007ffde3e70000 - 0x00007ffde3e93000 	C:\Xilinx\SDK\2016.4\lib\win64.o\libisl_iosutils.dll
0x00007ffde7a20000 - 0x00007ffde7cc2000 	C:\WINDOWS\SYSTEM32\iertutil.dll
0x00007ffd83030000 - 0x00007ffd83228000 	C:\Xilinx\SDK\2016.4\lib\win64.o\librdi_hsm.dll
0x00007ffddb6d0000 - 0x00007ffddb713000 	C:\Xilinx\SDK\2016.4\lib\win64.o\librdi_hdf.dll
0x00007ffd65760000 - 0x00007ffd65a28000 	C:\Xilinx\SDK\2016.4\lib\win64.o\librdi_ippcw.dll
0x0000000023ed0000 - 0x0000000024133000 	C:\Xilinx\SDK\2016.4\lib\win64.o\xerces-c_3_1.dll
0x00007ffde9680000 - 0x00007ffde968a000 	C:\Xilinx\SDK\2016.4\lib\win64.o\librdi_jtag_settings.dll
0x00007ffddb970000 - 0x00007ffddb999000 	C:\Xilinx\SDK\2016.4\lib\win64.o\librdi_debug_dialog.dll
0x00007ffde4e90000 - 0x00007ffde4e98000 	C:\Xilinx\SDK\2016.4\lib\win64.o\librdi_target_manager.dll
0x00007ffdd27d0000 - 0x00007ffdd2814000 	C:\WINDOWS\SYSTEM32\edputil.dll
0x00007ffdc9790000 - 0x00007ffdc97a6000 	C:\Xilinx\SDK\2016.4\eclipse\win64.o\plugins\org.eclipse.cdt.core.win32.x86_64_5.4.0.201509131935\os\win32\x86_64\spawner.dll
0x00007ffdc7320000 - 0x00007ffdc7b30000 	C:\Xilinx\SDK\2016.4\lib\win64.o\libXil_lmgr11FNP.dll

VM Arguments:
jvm_args: -Dcom.xilinx.sdk.args.hwspec=C:/Users/Administrator/Hoang_Design/Example/3.HelloFFT/project_6/project_6.sdk/design_1_wrapper.hdf -Xms64m -Xmx512m & 
java_command: <unknown>
java_class_path (initial): C:\Xilinx\SDK\2016.4\eclipse\win64.o\\plugins/org.eclipse.equinox.launcher_1.3.100.v20150511-1540.jar
Launcher Type: generic

Environment Variables:
PATH=C:/Xilinx/SDK/2016.4/tps/win64/jre/bin/server;C:/Xilinx/SDK/2016.4/tps/win64/jre/bin;C:/Xilinx/SDK/2016.4/tps/win64/jre/lib/amd64;C:\Xilinx\SDK\2016.4\gnuwin\bin;C:\Xilinx\SDK\2016.4\gnu\microblaze\nt\bin;C:\Xilinx\SDK\2016.4\gnu\microblaze\linux_toolchain\nt64_le\bin;C:\Xilinx\SDK\2016.4\gnu\microblaze\linux_toolchain\nt64_be\bin;C:\Xilinx\SDK\2016.4\gnu\arm\nt\bin;C:\Xilinx\SDK\2016.4\gnu\aarch64\nt\aarch64-none\bin;C:\Xilinx\SDK\2016.4\gnu\aarch64\nt\aarch64-linux\bin;C:\Xilinx\SDK\2016.4\gnu\armr5\nt\gcc-arm-none-eabi\bin;C:\Xilinx\SDK\2016.4\gnu\aarch32\nt\gcc-arm-none-eabi\bin;C:\Xilinx\SDK\2016.4\gnu\aarch32\nt\gcc-arm-linux-gnueabi\bin;C:\Xilinx\SDK\2016.4\tps\win64\cmake-3.3.2\bin;;C:\Xilinx\SDK\2016.4\bin;C:\Xilinx\SDK\2016.4\lib\win64.o;C:\Xilinx\SDK\2016.4\tps\win64\jre\bin\server;C:\Xilinx\SDK\2016.4\tps\win64\jre\bin;C:\Xilinx\Vivado\2016.4\ids_lite\ISE\bin\nt64;C:\Xilinx\Vivado\2016.4\ids_lite\ISE\lib\nt64;C:\Xilinx\Vivado\2016.4\bin;C:\Xilinx\Vivado\2016.4\lib\win64.o;C:\Xilinx\Vivado\2016.4\tps\win64\jre\bin\server;C:\Xilinx\Vivado\2016.4\tps\win64\jre\bin;C:\Xilinx\Vivado_HLS\2016.4\bin;C:\WINDOWS\system32;C:\WINDOWS;C:\WINDOWS\System32\Wbem;C:\WINDOWS\System32\WindowsPowerShell\v1.0\;C:\Program Files\MATLAB\R2016b\runtime\win64;C:\Program Files\MATLAB\R2016b\bin;C:\Program Files\MATLAB\MATLAB Production Server\R2015a\bin;C:\WINDOWS\System32\OpenSSH\;C:\Program Files\PuTTY\;C:\Cadence\SPB_16.5\OpenAccess\bin\win32\opt;C:\Cadence\SPB_16.5\tools\Capture;C:\Cadence\SPB_16.5\tools\PSpice\Library;C:\Cadence\SPB_16.5\tools\PSpice;C:\Cadence\SPB_16.5\tools\specctra\bin;C:\Cadence\SPB_16.5\tools\fet\bin;C:\Cadence\SPB_16.5\tools\libutil\bin;C:\Cadence\SPB_16.5\tools\bin;C:\Cadence\SPB_16.5\tools\pcb\bin;C:\Users\Administrator\AppData\Local\Microsoft\WindowsApps;;c:\Users\Administrator\Hoang_Design\Example\1.VHDL\fft_8;
USERNAME=Administrator
OS=Windows_NT
PROCESSOR_IDENTIFIER=Intel64 Family 6 Model 78 Stepping 3, GenuineIntel



---------------  S Y S T E M  ---------------

OS: Windows 10.0 , 64 bit Build 17134 (10.0.17134.1)

CPU:total 4 (2 cores per cpu, 2 threads per core) family 6 model 78 stepping 3, cmov, cx8, fxsr, mmx, sse, sse2, sse3, ssse3, sse4.1, sse4.2, popcnt, avx, avx2, aes, clmul, erms, rtm, 3dnowpref, lzcnt, ht, tsc, tscinvbit, bmi1, bmi2, adx

Memory: 4k page, physical 16657440k(8988532k free), swap 19147808k(7658384k free)

vm_info: Java HotSpot(TM) 64-Bit Server VM (25.66-b18) for windows-amd64 JRE (1.8.0_66-b18), built on Nov  9 2015 10:51:13 by "java_re" with MS VC++ 10.0 (VS2010)

time: Mon Jul 30 11:03:43 2018
elapsed time: 4033 seconds (0d 1h 7m 13s)

