
*** Running vivado
    with args -log FFT_Control_3.vds -m64 -product Vivado -mode batch -messageDb vivado.pb -notrace -source FFT_Control_3.tcl


****** Vivado v2016.4 (64-bit)
  **** SW Build 1756540 on Mon Jan 23 19:11:23 MST 2017
  **** IP Build 1755317 on Mon Jan 23 20:30:07 MST 2017
    ** Copyright 1986-2016 Xilinx, Inc. All Rights Reserved.

source FFT_Control_3.tcl -notrace
Command: synth_design -top FFT_Control_3 -part xc7a35tcpg236-1
Starting synth_design
Attempting to get a license for feature 'Synthesis' and/or device 'xc7a35t'
INFO: [Common 17-349] Got license for feature 'Synthesis' and/or device 'xc7a35t'
INFO: Launching helper process for spawning children vivado processes
INFO: Helper process launched with PID 22832 
---------------------------------------------------------------------------------
Starting RTL Elaboration : Time (s): cpu = 00:00:04 ; elapsed = 00:00:08 . Memory (MB): peak = 326.922 ; gain = 116.984
---------------------------------------------------------------------------------
INFO: [Synth 8-638] synthesizing module 'FFT_Control_3' [C:/Users/Administrator/Hoang_Design/Example/2.softcore/FFT_IP_Core-master/FFT_IP_Core-master/Design/Code/FFT_Control_3.v:1]
INFO: [Synth 8-638] synthesizing module 'FFT' [C:/Users/Administrator/Hoang_Design/Example/2.softcore/FFT_IP_Core-master/FFT_IP_Core-master/core_2/core_2.runs/synth_2/.Xil/Vivado-18676-HOANGPV89-PC/realtime/FFT_stub.v:6]
INFO: [Synth 8-256] done synthesizing module 'FFT' (1#1) [C:/Users/Administrator/Hoang_Design/Example/2.softcore/FFT_IP_Core-master/FFT_IP_Core-master/core_2/core_2.runs/synth_2/.Xil/Vivado-18676-HOANGPV89-PC/realtime/FFT_stub.v:6]
WARNING: [Synth 8-689] width (1) of port connection 'm_axis_data_tuser' does not match port width (16) of module 'FFT' [C:/Users/Administrator/Hoang_Design/Example/2.softcore/FFT_IP_Core-master/FFT_IP_Core-master/Design/Code/FFT_Control_3.v:96]
INFO: [Synth 8-256] done synthesizing module 'FFT_Control_3' (2#1) [C:/Users/Administrator/Hoang_Design/Example/2.softcore/FFT_IP_Core-master/FFT_IP_Core-master/Design/Code/FFT_Control_3.v:1]
---------------------------------------------------------------------------------
Finished RTL Elaboration : Time (s): cpu = 00:00:05 ; elapsed = 00:00:09 . Memory (MB): peak = 364.348 ; gain = 154.410
---------------------------------------------------------------------------------

Report Check Netlist: 
+------+------------------+-------+---------+-------+------------------+
|      |Item              |Errors |Warnings |Status |Description       |
+------+------------------+-------+---------+-------+------------------+
|1     |multi_driven_nets |      0|        0|Passed |Multi driven nets |
+------+------------------+-------+---------+-------+------------------+
---------------------------------------------------------------------------------
Finished RTL Optimization Phase 1 : Time (s): cpu = 00:00:05 ; elapsed = 00:00:09 . Memory (MB): peak = 364.348 ; gain = 154.410
---------------------------------------------------------------------------------
WARNING: [Project 1-486] Could not resolve non-primitive black box cell 'FFT' instantiated as 'FFT_inst0' [C:/Users/Administrator/Hoang_Design/Example/2.softcore/FFT_IP_Core-master/FFT_IP_Core-master/Design/Code/FFT_Control_3.v:86]
INFO: [Device 21-403] Loading part xc7a35tcpg236-1
INFO: [Project 1-570] Preparing netlist for logic optimization

Processing XDC Constraints
Initializing timing engine
Parsing XDC File [C:/Users/Administrator/Hoang_Design/Example/2.softcore/FFT_IP_Core-master/FFT_IP_Core-master/core_2/core_2.runs/synth_2/.Xil/Vivado-18676-HOANGPV89-PC/dcp/FFT_in_context.xdc] for cell 'FFT_inst0'
Finished Parsing XDC File [C:/Users/Administrator/Hoang_Design/Example/2.softcore/FFT_IP_Core-master/FFT_IP_Core-master/core_2/core_2.runs/synth_2/.Xil/Vivado-18676-HOANGPV89-PC/dcp/FFT_in_context.xdc] for cell 'FFT_inst0'
Parsing XDC File [C:/Users/Administrator/Hoang_Design/Example/2.softcore/FFT_IP_Core-master/FFT_IP_Core-master/core_2/core_2.srcs/constrs_2/imports/4.Library/Basys3_Master.xdc]
Finished Parsing XDC File [C:/Users/Administrator/Hoang_Design/Example/2.softcore/FFT_IP_Core-master/FFT_IP_Core-master/core_2/core_2.srcs/constrs_2/imports/4.Library/Basys3_Master.xdc]
INFO: [Project 1-236] Implementation specific constraints were found while reading constraint file [C:/Users/Administrator/Hoang_Design/Example/2.softcore/FFT_IP_Core-master/FFT_IP_Core-master/core_2/core_2.srcs/constrs_2/imports/4.Library/Basys3_Master.xdc]. These constraints will be ignored for synthesis but will be used in implementation. Impacted constraints are listed in the file [.Xil/FFT_Control_3_propImpl.xdc].
Resolution: To avoid this warning, move constraints listed in [.Xil/FFT_Control_3_propImpl.xdc] to another XDC file and exclude this new file from synthesis with the used_in_synthesis property (File Properties dialog in GUI) and re-run elaboration/synthesis.
Completed Processing XDC Constraints

INFO: [Project 1-111] Unisim Transformation Summary:
No Unisim elements were transformed.

Constraint Validation Runtime : Time (s): cpu = 00:00:00 ; elapsed = 00:00:00.005 . Memory (MB): peak = 629.152 ; gain = 0.000
---------------------------------------------------------------------------------
Finished Constraint Validation : Time (s): cpu = 00:00:09 ; elapsed = 00:00:18 . Memory (MB): peak = 629.152 ; gain = 419.215
---------------------------------------------------------------------------------
---------------------------------------------------------------------------------
Start Loading Part and Timing Information
---------------------------------------------------------------------------------
Loading part: xc7a35tcpg236-1
---------------------------------------------------------------------------------
Finished Loading Part and Timing Information : Time (s): cpu = 00:00:09 ; elapsed = 00:00:18 . Memory (MB): peak = 629.152 ; gain = 419.215
---------------------------------------------------------------------------------
---------------------------------------------------------------------------------
Start Applying 'set_property' XDC Constraints
---------------------------------------------------------------------------------
---------------------------------------------------------------------------------
Finished applying 'set_property' XDC Constraints : Time (s): cpu = 00:00:09 ; elapsed = 00:00:18 . Memory (MB): peak = 629.152 ; gain = 419.215
---------------------------------------------------------------------------------
INFO: [Synth 8-5546] ROM "cnt_en" won't be mapped to RAM because it is too sparse
---------------------------------------------------------------------------------
Finished RTL Optimization Phase 2 : Time (s): cpu = 00:00:10 ; elapsed = 00:00:18 . Memory (MB): peak = 629.152 ; gain = 419.215
---------------------------------------------------------------------------------

Report RTL Partitions: 
+-+--------------+------------+----------+
| |RTL Partition |Replication |Instances |
+-+--------------+------------+----------+
+-+--------------+------------+----------+
---------------------------------------------------------------------------------
Start RTL Component Statistics 
---------------------------------------------------------------------------------
Detailed RTL Component Info : 
+---Adders : 
	   2 Input     11 Bit       Adders := 1     
+---Registers : 
	               11 Bit    Registers := 1     
	                1 Bit    Registers := 6     
+---Muxes : 
	   2 Input      1 Bit        Muxes := 1     
---------------------------------------------------------------------------------
Finished RTL Component Statistics 
---------------------------------------------------------------------------------
---------------------------------------------------------------------------------
Start RTL Hierarchical Component Statistics 
---------------------------------------------------------------------------------
Hierarchical RTL Component report 
Module FFT_Control_3 
Detailed RTL Component Info : 
+---Adders : 
	   2 Input     11 Bit       Adders := 1     
+---Registers : 
	               11 Bit    Registers := 1     
	                1 Bit    Registers := 6     
+---Muxes : 
	   2 Input      1 Bit        Muxes := 1     
---------------------------------------------------------------------------------
Finished RTL Hierarchical Component Statistics
---------------------------------------------------------------------------------
---------------------------------------------------------------------------------
Start Part Resource Summary
---------------------------------------------------------------------------------
Part Resources:
DSPs: 90 (col length:60)
BRAMs: 100 (col length: RAMB18 60 RAMB36 30)
---------------------------------------------------------------------------------
Finished Part Resource Summary
---------------------------------------------------------------------------------
---------------------------------------------------------------------------------
Start Cross Boundary and Area Optimization
---------------------------------------------------------------------------------
INFO: [Synth 8-5546] ROM "cnt_en" won't be mapped to RAM because it is too sparse
---------------------------------------------------------------------------------
Finished Cross Boundary and Area Optimization : Time (s): cpu = 00:00:10 ; elapsed = 00:00:19 . Memory (MB): peak = 629.152 ; gain = 419.215
---------------------------------------------------------------------------------

Report RTL Partitions: 
+-+--------------+------------+----------+
| |RTL Partition |Replication |Instances |
+-+--------------+------------+----------+
+-+--------------+------------+----------+
---------------------------------------------------------------------------------
Start Timing Optimization
---------------------------------------------------------------------------------
---------------------------------------------------------------------------------
Start Applying XDC Timing Constraints
---------------------------------------------------------------------------------
---------------------------------------------------------------------------------
Finished Applying XDC Timing Constraints : Time (s): cpu = 00:00:18 ; elapsed = 00:00:30 . Memory (MB): peak = 629.152 ; gain = 419.215
---------------------------------------------------------------------------------
---------------------------------------------------------------------------------
Finished Timing Optimization : Time (s): cpu = 00:00:18 ; elapsed = 00:00:30 . Memory (MB): peak = 629.152 ; gain = 419.215
---------------------------------------------------------------------------------

Report RTL Partitions: 
+-+--------------+------------+----------+
| |RTL Partition |Replication |Instances |
+-+--------------+------------+----------+
+-+--------------+------------+----------+
---------------------------------------------------------------------------------
Start Technology Mapping
---------------------------------------------------------------------------------
---------------------------------------------------------------------------------
Finished Technology Mapping : Time (s): cpu = 00:00:18 ; elapsed = 00:00:30 . Memory (MB): peak = 634.738 ; gain = 424.801
---------------------------------------------------------------------------------

Report RTL Partitions: 
+-+--------------+------------+----------+
| |RTL Partition |Replication |Instances |
+-+--------------+------------+----------+
+-+--------------+------------+----------+
---------------------------------------------------------------------------------
Start IO Insertion
---------------------------------------------------------------------------------
---------------------------------------------------------------------------------
Start Flattening Before IO Insertion
---------------------------------------------------------------------------------
---------------------------------------------------------------------------------
Finished Flattening Before IO Insertion
---------------------------------------------------------------------------------
---------------------------------------------------------------------------------
Start Final Netlist Cleanup
---------------------------------------------------------------------------------
---------------------------------------------------------------------------------
Finished Final Netlist Cleanup
---------------------------------------------------------------------------------
---------------------------------------------------------------------------------
Finished IO Insertion : Time (s): cpu = 00:00:19 ; elapsed = 00:00:31 . Memory (MB): peak = 634.738 ; gain = 424.801
---------------------------------------------------------------------------------

Report Check Netlist: 
+------+------------------+-------+---------+-------+------------------+
|      |Item              |Errors |Warnings |Status |Description       |
+------+------------------+-------+---------+-------+------------------+
|1     |multi_driven_nets |      0|        0|Passed |Multi driven nets |
+------+------------------+-------+---------+-------+------------------+
---------------------------------------------------------------------------------
Start Renaming Generated Instances
---------------------------------------------------------------------------------
---------------------------------------------------------------------------------
Finished Renaming Generated Instances : Time (s): cpu = 00:00:19 ; elapsed = 00:00:31 . Memory (MB): peak = 634.738 ; gain = 424.801
---------------------------------------------------------------------------------

Report RTL Partitions: 
+-+--------------+------------+----------+
| |RTL Partition |Replication |Instances |
+-+--------------+------------+----------+
+-+--------------+------------+----------+
---------------------------------------------------------------------------------
Start Rebuilding User Hierarchy
---------------------------------------------------------------------------------
---------------------------------------------------------------------------------
Finished Rebuilding User Hierarchy : Time (s): cpu = 00:00:19 ; elapsed = 00:00:31 . Memory (MB): peak = 634.738 ; gain = 424.801
---------------------------------------------------------------------------------
---------------------------------------------------------------------------------
Start Renaming Generated Ports
---------------------------------------------------------------------------------
---------------------------------------------------------------------------------
Finished Renaming Generated Ports : Time (s): cpu = 00:00:19 ; elapsed = 00:00:31 . Memory (MB): peak = 634.738 ; gain = 424.801
---------------------------------------------------------------------------------
---------------------------------------------------------------------------------
Start Handling Custom Attributes
---------------------------------------------------------------------------------
---------------------------------------------------------------------------------
Finished Handling Custom Attributes : Time (s): cpu = 00:00:19 ; elapsed = 00:00:31 . Memory (MB): peak = 634.738 ; gain = 424.801
---------------------------------------------------------------------------------
---------------------------------------------------------------------------------
Start Renaming Generated Nets
---------------------------------------------------------------------------------
---------------------------------------------------------------------------------
Finished Renaming Generated Nets : Time (s): cpu = 00:00:19 ; elapsed = 00:00:31 . Memory (MB): peak = 634.738 ; gain = 424.801
---------------------------------------------------------------------------------
---------------------------------------------------------------------------------
Start Writing Synthesis Report
---------------------------------------------------------------------------------

Report BlackBoxes: 
+------+--------------+----------+
|      |BlackBox name |Instances |
+------+--------------+----------+
|1     |FFT           |         1|
+------+--------------+----------+

Report Cell Usage: 
+------+-----+------+
|      |Cell |Count |
+------+-----+------+
|1     |FFT  |     1|
|2     |BUFG |     1|
|3     |LUT1 |     2|
|4     |LUT2 |     2|
|5     |LUT3 |     3|
|6     |LUT4 |     2|
|7     |LUT5 |     4|
|8     |LUT6 |     5|
|9     |FDRE |    17|
|10    |IBUF |    33|
|11    |OBUF |    67|
+------+-----+------+

Report Instance Areas: 
+------+---------+-------+------+
|      |Instance |Module |Cells |
+------+---------+-------+------+
|1     |top      |       |   226|
+------+---------+-------+------+
---------------------------------------------------------------------------------
Finished Writing Synthesis Report : Time (s): cpu = 00:00:19 ; elapsed = 00:00:31 . Memory (MB): peak = 634.738 ; gain = 424.801
---------------------------------------------------------------------------------
Synthesis finished with 0 errors, 0 critical warnings and 0 warnings.
Synthesis Optimization Runtime : Time (s): cpu = 00:00:12 ; elapsed = 00:00:20 . Memory (MB): peak = 634.738 ; gain = 115.941
Synthesis Optimization Complete : Time (s): cpu = 00:00:19 ; elapsed = 00:00:31 . Memory (MB): peak = 634.738 ; gain = 424.801
INFO: [Project 1-571] Translating synthesized netlist
INFO: [Netlist 29-17] Analyzing 33 Unisim elements for replacement
INFO: [Netlist 29-28] Unisim Transformation completed in 0 CPU seconds
INFO: [Project 1-570] Preparing netlist for logic optimization
INFO: [Opt 31-138] Pushed 0 inverter(s) to 0 load pin(s).
INFO: [Project 1-111] Unisim Transformation Summary:
No Unisim elements were transformed.

INFO: [Common 17-83] Releasing license: Synthesis
19 Infos, 2 Warnings, 0 Critical Warnings and 0 Errors encountered.
synth_design completed successfully
synth_design: Time (s): cpu = 00:00:18 ; elapsed = 00:00:27 . Memory (MB): peak = 638.754 ; gain = 388.332
INFO: [Common 17-1381] The checkpoint 'C:/Users/Administrator/Hoang_Design/Example/2.softcore/FFT_IP_Core-master/FFT_IP_Core-master/core_2/core_2.runs/synth_2/FFT_Control_3.dcp' has been generated.
report_utilization: Time (s): cpu = 00:00:00 ; elapsed = 00:00:00.021 . Memory (MB): peak = 638.754 ; gain = 0.000
INFO: [Common 17-206] Exiting Vivado at Wed Jul 25 11:10:35 2018...
