Copyright 1986-2016 Xilinx, Inc. All Rights Reserved.
------------------------------------------------------------------------------------
| Tool Version : Vivado v.2016.4 (win64) Build 1756540 Mon Jan 23 19:11:23 MST 2017
| Date         : Wed Jul 25 10:41:25 2018
| Host         : HOANGPV89-PC running 64-bit major release  (build 9200)
| Command      : report_io -file FFT_Control_3_io_placed.rpt
| Design       : FFT_Control_3
| Device       : xc7a35t
| Speed File   : -1
| Package      : ftg256
------------------------------------------------------------------------------------

IO Information

Table of Contents
-----------------
1. Summary
2. IO Assignments by Package Pin

1. Summary
----------

+---------------+
| Total User IO |
+---------------+
|           132 |
+---------------+


2. IO Assignments by Package Pin
--------------------------------

+------------+-----------------------+------------+------------------------------+-------------+-------------+---------+------------+------+---------------------+----------------------+---------+------------+-----------+----------+------+------------------+
| Pin Number | Signal Name           | Bank Type  | Pin Name                     | Use         | IO Standard | IO Bank | Drive (mA) | Slew | On-Chip Termination | Off-Chip Termination | Voltage | Constraint | Pull Type | DQS Bias | Vref | Signal Integrity |
+------------+-----------------------+------------+------------------------------+-------------+-------------+---------+------------+------+---------------------+----------------------+---------+------------+-----------+----------+------+------------------+
| A1         |                       |            | GND                          | GND         |             |         |            |      |                     |                      |     0.0 |            |           |          |      |                  |
| A2         | s_axis_data_tdata[11] | High Range | IO_L8N_T1_AD14N_35           | INPUT       | LVCMOS18*   |      35 |            |      |                     |                 NONE |         | UNFIXED    |           |          |      | NONE             |
| A3         | s_axis_data_tdata[21] | High Range | IO_L4N_T0_35                 | INPUT       | LVCMOS18*   |      35 |            |      |                     |                 NONE |         | UNFIXED    |           |          |      | NONE             |
| A4         | s_axis_data_tdata[23] | High Range | IO_L3N_T0_DQS_AD5N_35        | INPUT       | LVCMOS18*   |      35 |            |      |                     |                 NONE |         | UNFIXED    |           |          |      | NONE             |
| A5         | s_axis_data_tdata[24] | High Range | IO_L3P_T0_DQS_AD5P_35        | INPUT       | LVCMOS18*   |      35 |            |      |                     |                 NONE |         | UNFIXED    |           |          |      | NONE             |
| A6         |                       | High Range | VCCO_35                      | VCCO        |             |      35 |            |      |                     |                      |    1.80 |            |           |          |      |                  |
| A7         | s_axis_data_tdata[27] | High Range | IO_L1N_T0_AD4N_35            | INPUT       | LVCMOS18*   |      35 |            |      |                     |                 NONE |         | UNFIXED    |           |          |      | NONE             |
| A8         |                       | High Range | IO_L2P_T0_AD8P_15            | User IO     |             |      15 |            |      |                     |                      |         |            |           |          |      |                  |
| A9         |                       | High Range | IO_L2N_T0_AD8N_15            | User IO     |             |      15 |            |      |                     |                      |         |            |           |          |      |                  |
| A10        |                       | High Range | IO_L3N_T0_DQS_AD1N_15        | User IO     |             |      15 |            |      |                     |                      |         |            |           |          |      |                  |
| A11        |                       |            | GND                          | GND         |             |         |            |      |                     |                      |     0.0 |            |           |          |      |                  |
| A12        |                       | High Range | IO_L5N_T0_AD9N_15            | User IO     |             |      15 |            |      |                     |                      |         |            |           |          |      |                  |
| A13        |                       | High Range | IO_L7P_T1_AD2P_15            | User IO     |             |      15 |            |      |                     |                      |         |            |           |          |      |                  |
| A14        |                       | High Range | IO_L7N_T1_AD2N_15            | User IO     |             |      15 |            |      |                     |                      |         |            |           |          |      |                  |
| A15        | data_out_im[31]       | High Range | IO_L9N_T1_DQS_AD3N_15        | OUTPUT      | LVCMOS18*   |      15 |         12 | SLOW |                     |            FP_VTT_50 |         | UNFIXED    |           |          |      | NONE             |
| A16        |                       | High Range | VCCO_15                      | VCCO        |             |      15 |            |      |                     |                      |    1.80 |            |           |          |      |                  |
| B1         | s_axis_data_tdata[9]  | High Range | IO_L9N_T1_DQS_AD7N_35        | INPUT       | LVCMOS18*   |      35 |            |      |                     |                 NONE |         | UNFIXED    |           |          |      | NONE             |
| B2         | s_axis_data_tdata[12] | High Range | IO_L8P_T1_AD14P_35           | INPUT       | LVCMOS18*   |      35 |            |      |                     |                 NONE |         | UNFIXED    |           |          |      | NONE             |
| B3         |                       | High Range | VCCO_35                      | VCCO        |             |      35 |            |      |                     |                      |    1.80 |            |           |          |      |                  |
| B4         | s_axis_data_tdata[22] | High Range | IO_L4P_T0_35                 | INPUT       | LVCMOS18*   |      35 |            |      |                     |                 NONE |         | UNFIXED    |           |          |      | NONE             |
| B5         | s_axis_data_tdata[25] | High Range | IO_L2N_T0_AD12N_35           | INPUT       | LVCMOS18*   |      35 |            |      |                     |                 NONE |         | UNFIXED    |           |          |      | NONE             |
| B6         | s_axis_data_tdata[26] | High Range | IO_L2P_T0_AD12P_35           | INPUT       | LVCMOS18*   |      35 |            |      |                     |                 NONE |         | UNFIXED    |           |          |      | NONE             |
| B7         | s_axis_data_tdata[28] | High Range | IO_L1P_T0_AD4P_35            | INPUT       | LVCMOS18*   |      35 |            |      |                     |                 NONE |         | UNFIXED    |           |          |      | NONE             |
| B8         |                       |            | GND                          | GND         |             |         |            |      |                     |                      |     0.0 |            |           |          |      |                  |
| B9         |                       | High Range | IO_L3P_T0_DQS_AD1P_15        | User IO     |             |      15 |            |      |                     |                      |         |            |           |          |      |                  |
| B10        |                       | High Range | IO_L4P_T0_15                 | User IO     |             |      15 |            |      |                     |                      |         |            |           |          |      |                  |
| B11        |                       | High Range | IO_L4N_T0_15                 | User IO     |             |      15 |            |      |                     |                      |         |            |           |          |      |                  |
| B12        |                       | High Range | IO_L5P_T0_AD9P_15            | User IO     |             |      15 |            |      |                     |                      |         |            |           |          |      |                  |
| B13        |                       | High Range | VCCO_15                      | VCCO        |             |      15 |            |      |                     |                      |    1.80 |            |           |          |      |                  |
| B14        |                       | High Range | IO_L8N_T1_AD10N_15           | User IO     |             |      15 |            |      |                     |                      |         |            |           |          |      |                  |
| B15        |                       | High Range | IO_L9P_T1_DQS_AD3P_15        | User IO     |             |      15 |            |      |                     |                      |         |            |           |          |      |                  |
| B16        | data_out_im[29]       | High Range | IO_L10N_T1_AD11N_15          | OUTPUT      | LVCMOS18*   |      15 |         12 | SLOW |                     |            FP_VTT_50 |         | UNFIXED    |           |          |      | NONE             |
| C1         | s_axis_data_tdata[10] | High Range | IO_L9P_T1_DQS_AD7P_35        | INPUT       | LVCMOS18*   |      35 |            |      |                     |                 NONE |         | UNFIXED    |           |          |      | NONE             |
| C2         | s_axis_data_tdata[13] | High Range | IO_L7N_T1_AD6N_35            | INPUT       | LVCMOS18*   |      35 |            |      |                     |                 NONE |         | UNFIXED    |           |          |      | NONE             |
| C3         | s_axis_data_tdata[16] | High Range | IO_L7P_T1_AD6P_35            | INPUT       | LVCMOS18*   |      35 |            |      |                     |                 NONE |         | UNFIXED    |           |          |      | NONE             |
| C4         | s_axis_data_tdata[3]  | High Range | IO_L12N_T1_MRCC_35           | INPUT       | LVCMOS18*   |      35 |            |      |                     |                 NONE |         | UNFIXED    |           |          |      | NONE             |
| C5         |                       |            | GND                          | GND         |             |         |            |      |                     |                      |     0.0 |            |           |          |      |                  |
| C6         | s_axis_data_tdata[19] | High Range | IO_L5N_T0_AD13N_35           | INPUT       | LVCMOS18*   |      35 |            |      |                     |                 NONE |         | UNFIXED    |           |          |      | NONE             |
| C7         | s_axis_data_tdata[20] | High Range | IO_L5P_T0_AD13P_35           | INPUT       | LVCMOS18*   |      35 |            |      |                     |                 NONE |         | UNFIXED    |           |          |      | NONE             |
| C8         |                       | High Range | IO_L1P_T0_AD0P_15            | User IO     |             |      15 |            |      |                     |                      |         |            |           |          |      |                  |
| C9         |                       | High Range | IO_L1N_T0_AD0N_15            | User IO     |             |      15 |            |      |                     |                      |         |            |           |          |      |                  |
| C10        |                       | High Range | VCCO_15                      | VCCO        |             |      15 |            |      |                     |                      |    1.80 |            |           |          |      |                  |
| C11        | data_out_im[28]       | High Range | IO_L11P_T1_SRCC_15           | OUTPUT      | LVCMOS18*   |      15 |         12 | SLOW |                     |            FP_VTT_50 |         | UNFIXED    |           |          |      | NONE             |
| C12        | data_out_im[27]       | High Range | IO_L11N_T1_SRCC_15           | OUTPUT      | LVCMOS18*   |      15 |         12 | SLOW |                     |            FP_VTT_50 |         | UNFIXED    |           |          |      | NONE             |
| C13        | data_out_im[25]       | High Range | IO_L12N_T1_MRCC_15           | OUTPUT      | LVCMOS18*   |      15 |         12 | SLOW |                     |            FP_VTT_50 |         | UNFIXED    |           |          |      | NONE             |
| C14        |                       | High Range | IO_L8P_T1_AD10P_15           | User IO     |             |      15 |            |      |                     |                      |         |            |           |          |      |                  |
| C15        |                       |            | GND                          | GND         |             |         |            |      |                     |                      |     0.0 |            |           |          |      |                  |
| C16        | data_out_im[30]       | High Range | IO_L10P_T1_AD11P_15          | OUTPUT      | LVCMOS18*   |      15 |         12 | SLOW |                     |            FP_VTT_50 |         | UNFIXED    |           |          |      | NONE             |
| D1         | s_axis_data_tdata[7]  | High Range | IO_L10N_T1_AD15N_35          | INPUT       | LVCMOS18*   |      35 |            |      |                     |                 NONE |         | UNFIXED    |           |          |      | NONE             |
| D2         |                       |            | GND                          | GND         |             |         |            |      |                     |                      |     0.0 |            |           |          |      |                  |
| D3         | s_axis_data_tdata[5]  | High Range | IO_L11N_T1_SRCC_35           | INPUT       | LVCMOS18*   |      35 |            |      |                     |                 NONE |         | UNFIXED    |           |          |      | NONE             |
| D4         | s_axis_data_tdata[4]  | High Range | IO_L12P_T1_MRCC_35           | INPUT       | LVCMOS18*   |      35 |            |      |                     |                 NONE |         | UNFIXED    |           |          |      | NONE             |
| D5         | s_axis_data_tdata[17] | High Range | IO_L6N_T0_VREF_35            | INPUT       | LVCMOS18*   |      35 |            |      |                     |                 NONE |         | UNFIXED    |           |          |      | NONE             |
| D6         | s_axis_data_tdata[18] | High Range | IO_L6P_T0_35                 | INPUT       | LVCMOS18*   |      35 |            |      |                     |                 NONE |         | UNFIXED    |           |          |      | NONE             |
| D7         |                       | High Range | VCCO_35                      | VCCO        |             |      35 |            |      |                     |                      |    1.80 |            |           |          |      |                  |
| D8         |                       | High Range | IO_L6P_T0_15                 | User IO     |             |      15 |            |      |                     |                      |         |            |           |          |      |                  |
| D9         |                       | High Range | IO_L6N_T0_VREF_15            | User IO     |             |      15 |            |      |                     |                      |         |            |           |          |      |                  |
| D10        |                       | High Range | IO_0_15                      | User IO     |             |      15 |            |      |                     |                      |         |            |           |          |      |                  |
| D11        | data_out_im[21]       | High Range | IO_L14N_T2_SRCC_15           | OUTPUT      | LVCMOS18*   |      15 |         12 | SLOW |                     |            FP_VTT_50 |         | UNFIXED    |           |          |      | NONE             |
| D12        |                       |            | GND                          | GND         |             |         |            |      |                     |                      |     0.0 |            |           |          |      |                  |
| D13        | data_out_im[26]       | High Range | IO_L12P_T1_MRCC_15           | OUTPUT      | LVCMOS18*   |      15 |         12 | SLOW |                     |            FP_VTT_50 |         | UNFIXED    |           |          |      | NONE             |
| D14        | data_out_im[20]       | High Range | IO_L15P_T2_DQS_15            | OUTPUT      | LVCMOS18*   |      15 |         12 | SLOW |                     |            FP_VTT_50 |         | UNFIXED    |           |          |      | NONE             |
| D15        | data_out_im[19]       | High Range | IO_L15N_T2_DQS_ADV_B_15      | OUTPUT      | LVCMOS18*   |      15 |         12 | SLOW |                     |            FP_VTT_50 |         | UNFIXED    |           |          |      | NONE             |
| D16        | data_out_im[15]       | High Range | IO_L17N_T2_A25_15            | OUTPUT      | LVCMOS18*   |      15 |         12 | SLOW |                     |            FP_VTT_50 |         | UNFIXED    |           |          |      | NONE             |
| E1         | m_axis_data_tuser[29] | High Range | IO_L15N_T2_DQS_35            | OUTPUT      | LVCMOS18*   |      35 |         12 | SLOW |                     |            FP_VTT_50 |         | UNFIXED    |           |          |      | NONE             |
| E2         | s_axis_data_tdata[8]  | High Range | IO_L10P_T1_AD15P_35          | INPUT       | LVCMOS18*   |      35 |            |      |                     |                 NONE |         | UNFIXED    |           |          |      | NONE             |
| E3         | s_axis_data_tdata[6]  | High Range | IO_L11P_T1_SRCC_35           | INPUT       | LVCMOS18*   |      35 |            |      |                     |                 NONE |         | UNFIXED    |           |          |      | NONE             |
| E4         |                       | High Range | VCCO_35                      | VCCO        |             |      35 |            |      |                     |                      |    1.80 |            |           |          |      |                  |
| E5         | s_axis_data_tdata[1]  | High Range | IO_L13N_T2_MRCC_35           | INPUT       | LVCMOS18*   |      35 |            |      |                     |                 NONE |         | UNFIXED    |           |          |      | NONE             |
| E6         | s_axis_data_tdata[29] | High Range | IO_0_35                      | INPUT       | LVCMOS18*   |      35 |            |      |                     |                 NONE |         | UNFIXED    |           |          |      | NONE             |
| E7         |                       | Dedicated  | CFGBVS_0                     | Config      |             |       0 |            |      |                     |                      |         |            |           |          |      |                  |
| E8         |                       | Dedicated  | CCLK_0                       | Config      |             |       0 |            |      |                     |                      |         |            |           |          |      |                  |
| E9         |                       |            | GND                          | GND         |             |         |            |      |                     |                      |     0.0 |            |           |          |      |                  |
| E10        |                       |            | VCCBRAM                      | VCCBRAM     |             |         |            |      |                     |                      |         |            |           |          |      |                  |
| E11        | data_out_im[22]       | High Range | IO_L14P_T2_SRCC_15           | OUTPUT      | LVCMOS18*   |      15 |         12 | SLOW |                     |            FP_VTT_50 |         | UNFIXED    |           |          |      | NONE             |
| E12        | data_out_im[24]       | High Range | IO_L13P_T2_MRCC_15           | OUTPUT      | LVCMOS18*   |      15 |         12 | SLOW |                     |            FP_VTT_50 |         | UNFIXED    |           |          |      | NONE             |
| E13        | data_out_im[23]       | High Range | IO_L13N_T2_MRCC_15           | OUTPUT      | LVCMOS18*   |      15 |         12 | SLOW |                     |            FP_VTT_50 |         | UNFIXED    |           |          |      | NONE             |
| E14        |                       | High Range | VCCO_15                      | VCCO        |             |      15 |            |      |                     |                      |    1.80 |            |           |          |      |                  |
| E15        | data_out_im[13]       | High Range | IO_L18N_T2_A23_15            | OUTPUT      | LVCMOS18*   |      15 |         12 | SLOW |                     |            FP_VTT_50 |         | UNFIXED    |           |          |      | NONE             |
| E16        | data_out_im[16]       | High Range | IO_L17P_T2_A26_15            | OUTPUT      | LVCMOS18*   |      15 |         12 | SLOW |                     |            FP_VTT_50 |         | UNFIXED    |           |          |      | NONE             |
| F1         |                       | High Range | VCCO_35                      | VCCO        |             |      35 |            |      |                     |                      |    1.80 |            |           |          |      |                  |
| F2         | m_axis_data_tuser[30] | High Range | IO_L15P_T2_DQS_35            | OUTPUT      | LVCMOS18*   |      35 |         12 | SLOW |                     |            FP_VTT_50 |         | UNFIXED    |           |          |      | NONE             |
| F3         | m_axis_data_tuser[31] | High Range | IO_L14N_T2_SRCC_35           | OUTPUT      | LVCMOS18*   |      35 |         12 | SLOW |                     |            FP_VTT_50 |         | UNFIXED    |           |          |      | NONE             |
| F4         | s_axis_data_tdata[0]  | High Range | IO_L14P_T2_SRCC_35           | INPUT       | LVCMOS18*   |      35 |            |      |                     |                 NONE |         | UNFIXED    |           |          |      | NONE             |
| F5         | s_axis_data_tdata[2]  | High Range | IO_L13P_T2_MRCC_35           | INPUT       | LVCMOS18*   |      35 |            |      |                     |                 NONE |         | UNFIXED    |           |          |      | NONE             |
| F6         |                       |            | GND                          | GND         |             |         |            |      |                     |                      |     0.0 |            |           |          |      |                  |
| F7         |                       |            | VCCINT                       | VCCINT      |             |         |            |      |                     |                      |         |            |           |          |      |                  |
| F8         |                       | Dedicated  | VCCBATT_0                    | Config      |             |       0 |            |      |                     |                      |         |            |           |          |      |                  |
| F9         |                       |            | VCCINT                       | VCCINT      |             |         |            |      |                     |                      |         |            |           |          |      |                  |
| F10        |                       |            | GND                          | GND         |             |         |            |      |                     |                      |     0.0 |            |           |          |      |                  |
| F11        |                       |            | VCCBRAM                      | VCCBRAM     |             |         |            |      |                     |                      |         |            |           |          |      |                  |
| F12        | data_out_im[18]       | High Range | IO_L16P_T2_A28_15            | OUTPUT      | LVCMOS18*   |      15 |         12 | SLOW |                     |            FP_VTT_50 |         | UNFIXED    |           |          |      | NONE             |
| F13        | data_out_im[17]       | High Range | IO_L16N_T2_A27_15            | OUTPUT      | LVCMOS18*   |      15 |         12 | SLOW |                     |            FP_VTT_50 |         | UNFIXED    |           |          |      | NONE             |
| F14        | data_out_im[7]        | High Range | IO_L21N_T3_DQS_A18_15        | OUTPUT      | LVCMOS18*   |      15 |         12 | SLOW |                     |            FP_VTT_50 |         | UNFIXED    |           |          |      | NONE             |
| F15        | data_out_im[14]       | High Range | IO_L18P_T2_A24_15            | OUTPUT      | LVCMOS18*   |      15 |         12 | SLOW |                     |            FP_VTT_50 |         | UNFIXED    |           |          |      | NONE             |
| F16        |                       |            | GND                          | GND         |             |         |            |      |                     |                      |     0.0 |            |           |          |      |                  |
| G1         | m_axis_data_tuser[25] | High Range | IO_L17N_T2_35                | OUTPUT      | LVCMOS18*   |      35 |         12 | SLOW |                     |            FP_VTT_50 |         | UNFIXED    |           |          |      | NONE             |
| G2         | m_axis_data_tuser[26] | High Range | IO_L17P_T2_35                | OUTPUT      | LVCMOS18*   |      35 |         12 | SLOW |                     |            FP_VTT_50 |         | UNFIXED    |           |          |      | NONE             |
| G3         |                       |            | GND                          | GND         |             |         |            |      |                     |                      |     0.0 |            |           |          |      |                  |
| G4         | m_axis_data_tuser[27] | High Range | IO_L16N_T2_35                | OUTPUT      | LVCMOS18*   |      35 |         12 | SLOW |                     |            FP_VTT_50 |         | UNFIXED    |           |          |      | NONE             |
| G5         | m_axis_data_tuser[28] | High Range | IO_L16P_T2_35                | OUTPUT      | LVCMOS18*   |      35 |         12 | SLOW |                     |            FP_VTT_50 |         | UNFIXED    |           |          |      | NONE             |
| G6         |                       |            | VCCINT                       | VCCINT      |             |         |            |      |                     |                      |         |            |           |          |      |                  |
| G7         |                       | Dedicated  | GNDADC_0                     | XADC        |             |       0 |            |      |                     |                      |         |            |           |          |      |                  |
| G8         |                       | Dedicated  | VCCADC_0                     | XADC        |             |       0 |            |      |                     |                      |         |            |           |          |      |                  |
| G9         |                       |            | GND                          | GND         |             |         |            |      |                     |                      |     0.0 |            |           |          |      |                  |
| G10        |                       |            | VCCAUX                       | VCCAUX      |             |         |            |      |                     |                      |    1.80 |            |           |          |      |                  |
| G11        | data_out_im[0]        | High Range | IO_25_15                     | OUTPUT      | LVCMOS18*   |      15 |         12 | SLOW |                     |            FP_VTT_50 |         | UNFIXED    |           |          |      | NONE             |
| G12        | data_out_im[11]       | High Range | IO_L19N_T3_A21_VREF_15       | OUTPUT      | LVCMOS18*   |      15 |         12 | SLOW |                     |            FP_VTT_50 |         | UNFIXED    |           |          |      | NONE             |
| G13        |                       |            | GND                          | GND         |             |         |            |      |                     |                      |     0.0 |            |           |          |      |                  |
| G14        | data_out_im[8]        | High Range | IO_L21P_T3_DQS_15            | OUTPUT      | LVCMOS18*   |      15 |         12 | SLOW |                     |            FP_VTT_50 |         | UNFIXED    |           |          |      | NONE             |
| G15        | data_out_im[1]        | High Range | IO_L24N_T3_RS0_15            | OUTPUT      | LVCMOS18*   |      15 |         12 | SLOW |                     |            FP_VTT_50 |         | UNFIXED    |           |          |      | NONE             |
| G16        | data_out_im[5]        | High Range | IO_L22N_T3_A16_15            | OUTPUT      | LVCMOS18*   |      15 |         12 | SLOW |                     |            FP_VTT_50 |         | UNFIXED    |           |          |      | NONE             |
| H1         | m_axis_data_tuser[19] | High Range | IO_L20N_T3_35                | OUTPUT      | LVCMOS18*   |      35 |         12 | SLOW |                     |            FP_VTT_50 |         | UNFIXED    |           |          |      | NONE             |
| H2         | m_axis_data_tuser[20] | High Range | IO_L20P_T3_35                | OUTPUT      | LVCMOS18*   |      35 |         12 | SLOW |                     |            FP_VTT_50 |         | UNFIXED    |           |          |      | NONE             |
| H3         | m_axis_data_tuser[17] | High Range | IO_L21N_T3_DQS_35            | OUTPUT      | LVCMOS18*   |      35 |         12 | SLOW |                     |            FP_VTT_50 |         | UNFIXED    |           |          |      | NONE             |
| H4         | m_axis_data_tuser[23] | High Range | IO_L18N_T2_35                | OUTPUT      | LVCMOS18*   |      35 |         12 | SLOW |                     |            FP_VTT_50 |         | UNFIXED    |           |          |      | NONE             |
| H5         | m_axis_data_tuser[24] | High Range | IO_L18P_T2_35                | OUTPUT      | LVCMOS18*   |      35 |         12 | SLOW |                     |            FP_VTT_50 |         | UNFIXED    |           |          |      | NONE             |
| H6         |                       |            | GND                          | GND         |             |         |            |      |                     |                      |     0.0 |            |           |          |      |                  |
| H7         |                       | Dedicated  | VREFN_0                      | XADC        |             |       0 |            |      |                     |                      |         |            |           |          |      |                  |
| H8         |                       | Dedicated  | VP_0                         | XADC        |             |       0 |            |      |                     |                      |         |            |           |          |      |                  |
| H9         |                       |            | VCCINT                       | VCCINT      |             |         |            |      |                     |                      |         |            |           |          |      |                  |
| H10        |                       | Dedicated  | DONE_0                       | Config      |             |       0 |            |      |                     |                      |         |            |           |          |      |                  |
| H11        | data_out_im[12]       | High Range | IO_L19P_T3_A22_15            | OUTPUT      | LVCMOS18*   |      15 |         12 | SLOW |                     |            FP_VTT_50 |         | UNFIXED    |           |          |      | NONE             |
| H12        | data_out_im[10]       | High Range | IO_L20P_T3_A20_15            | OUTPUT      | LVCMOS18*   |      15 |         12 | SLOW |                     |            FP_VTT_50 |         | UNFIXED    |           |          |      | NONE             |
| H13        | data_out_im[9]        | High Range | IO_L20N_T3_A19_15            | OUTPUT      | LVCMOS18*   |      15 |         12 | SLOW |                     |            FP_VTT_50 |         | UNFIXED    |           |          |      | NONE             |
| H14        | data_out_im[2]        | High Range | IO_L24P_T3_RS1_15            | OUTPUT      | LVCMOS18*   |      15 |         12 | SLOW |                     |            FP_VTT_50 |         | UNFIXED    |           |          |      | NONE             |
| H15        |                       | High Range | VCCO_15                      | VCCO        |             |      15 |            |      |                     |                      |    1.80 |            |           |          |      |                  |
| H16        | data_out_im[6]        | High Range | IO_L22P_T3_A17_15            | OUTPUT      | LVCMOS18*   |      15 |         12 | SLOW |                     |            FP_VTT_50 |         | UNFIXED    |           |          |      | NONE             |
| J1         | m_axis_data_tuser[15] | High Range | IO_L22N_T3_35                | OUTPUT      | LVCMOS18*   |      35 |         12 | SLOW |                     |            FP_VTT_50 |         | UNFIXED    |           |          |      | NONE             |
| J2         |                       | High Range | VCCO_35                      | VCCO        |             |      35 |            |      |                     |                      |    1.80 |            |           |          |      |                  |
| J3         | m_axis_data_tuser[18] | High Range | IO_L21P_T3_DQS_35            | OUTPUT      | LVCMOS18*   |      35 |         12 | SLOW |                     |            FP_VTT_50 |         | UNFIXED    |           |          |      | NONE             |
| J4         | m_axis_data_tuser[21] | High Range | IO_L19N_T3_VREF_35           | OUTPUT      | LVCMOS18*   |      35 |         12 | SLOW |                     |            FP_VTT_50 |         | UNFIXED    |           |          |      | NONE             |
| J5         | m_axis_data_tuser[22] | High Range | IO_L19P_T3_35                | OUTPUT      | LVCMOS18*   |      35 |         12 | SLOW |                     |            FP_VTT_50 |         | UNFIXED    |           |          |      | NONE             |
| J6         |                       |            | VCCINT                       | VCCINT      |             |         |            |      |                     |                      |         |            |           |          |      |                  |
| J7         |                       | Dedicated  | VN_0                         | XADC        |             |       0 |            |      |                     |                      |         |            |           |          |      |                  |
| J8         |                       | Dedicated  | VREFP_0                      | XADC        |             |       0 |            |      |                     |                      |         |            |           |          |      |                  |
| J9         |                       |            | GND                          | GND         |             |         |            |      |                     |                      |     0.0 |            |           |          |      |                  |
| J10        |                       |            | VCCAUX                       | VCCAUX      |             |         |            |      |                     |                      |    1.80 |            |           |          |      |                  |
| J11        |                       |            | GND                          | GND         |             |         |            |      |                     |                      |     0.0 |            |           |          |      |                  |
| J12        |                       | High Range | VCCO_15                      | VCCO        |             |      15 |            |      |                     |                      |    1.80 |            |           |          |      |                  |
| J13        |                       | High Range | IO_L1P_T0_D00_MOSI_14        | User IO     |             |      14 |            |      |                     |                      |         |            |           |          |      |                  |
| J14        |                       | High Range | IO_L1N_T0_D01_DIN_14         | User IO     |             |      14 |            |      |                     |                      |         |            |           |          |      |                  |
| J15        | data_out_im[4]        | High Range | IO_L23P_T3_FOE_B_15          | OUTPUT      | LVCMOS18*   |      15 |         12 | SLOW |                     |            FP_VTT_50 |         | UNFIXED    |           |          |      | NONE             |
| J16        | data_out_im[3]        | High Range | IO_L23N_T3_FWE_B_15          | OUTPUT      | LVCMOS18*   |      15 |         12 | SLOW |                     |            FP_VTT_50 |         | UNFIXED    |           |          |      | NONE             |
| K1         | m_axis_data_tuser[16] | High Range | IO_L22P_T3_35                | OUTPUT      | LVCMOS18*   |      35 |         12 | SLOW |                     |            FP_VTT_50 |         | UNFIXED    |           |          |      | NONE             |
| K2         | m_axis_data_tuser[11] | High Range | IO_L24N_T3_35                | OUTPUT      | LVCMOS18*   |      35 |         12 | SLOW |                     |            FP_VTT_50 |         | UNFIXED    |           |          |      | NONE             |
| K3         | m_axis_data_tuser[12] | High Range | IO_L24P_T3_35                | OUTPUT      | LVCMOS18*   |      35 |         12 | SLOW |                     |            FP_VTT_50 |         | UNFIXED    |           |          |      | NONE             |
| K4         |                       |            | GND                          | GND         |             |         |            |      |                     |                      |     0.0 |            |           |          |      |                  |
| K5         | m_axis_data_tuser[10] | High Range | IO_25_35                     | OUTPUT      | LVCMOS18*   |      35 |         12 | SLOW |                     |            FP_VTT_50 |         | UNFIXED    |           |          |      | NONE             |
| K6         |                       |            | GND                          | GND         |             |         |            |      |                     |                      |     0.0 |            |           |          |      |                  |
| K7         |                       | Dedicated  | DXN_0                        | Temp Sensor |             |       0 |            |      |                     |                      |         |            |           |          |      |                  |
| K8         |                       | Dedicated  | DXP_0                        | Temp Sensor |             |       0 |            |      |                     |                      |         |            |           |          |      |                  |
| K9         |                       |            | VCCINT                       | VCCINT      |             |         |            |      |                     |                      |         |            |           |          |      |                  |
| K10        |                       | Dedicated  | INIT_B_0                     | Config      |             |       0 |            |      |                     |                      |         |            |           |          |      |                  |
| K11        |                       |            | VCCAUX                       | VCCAUX      |             |         |            |      |                     |                      |    1.80 |            |           |          |      |                  |
| K12        |                       | High Range | IO_0_14                      | User IO     |             |      14 |            |      |                     |                      |         |            |           |          |      |                  |
| K13        |                       | High Range | IO_L5P_T0_D06_14             | User IO     |             |      14 |            |      |                     |                      |         |            |           |          |      |                  |
| K14        |                       |            | GND                          | GND         |             |         |            |      |                     |                      |     0.0 |            |           |          |      |                  |
| K15        |                       | High Range | IO_L2P_T0_D02_14             | User IO     |             |      14 |            |      |                     |                      |         |            |           |          |      |                  |
| K16        |                       | High Range | IO_L2N_T0_D03_14             | User IO     |             |      14 |            |      |                     |                      |         |            |           |          |      |                  |
| L1         |                       |            | GND                          | GND         |             |         |            |      |                     |                      |     0.0 |            |           |          |      |                  |
| L2         | m_axis_data_tuser[13] | High Range | IO_L23N_T3_35                | OUTPUT      | LVCMOS18*   |      35 |         12 | SLOW |                     |            FP_VTT_50 |         | UNFIXED    |           |          |      | NONE             |
| L3         | m_axis_data_tuser[14] | High Range | IO_L23P_T3_35                | OUTPUT      | LVCMOS18*   |      35 |         12 | SLOW |                     |            FP_VTT_50 |         | UNFIXED    |           |          |      | NONE             |
| L4         |                       | High Range | IO_L1P_T0_34                 | User IO     |             |      34 |            |      |                     |                      |         |            |           |          |      |                  |
| L5         |                       | High Range | IO_0_34                      | User IO     |             |      34 |            |      |                     |                      |         |            |           |          |      |                  |
| L6         |                       | Dedicated  | VCCO_0                       | VCCO        |             |       0 |            |      |                     |                      |   any** |            |           |          |      |                  |
| L7         |                       | Dedicated  | TCK_0                        | Config      |             |       0 |            |      |                     |                      |         |            |           |          |      |                  |
| L8         |                       |            | VCCINT                       | VCCINT      |             |         |            |      |                     |                      |         |            |           |          |      |                  |
| L9         |                       | Dedicated  | PROGRAM_B_0                  | Config      |             |       0 |            |      |                     |                      |         |            |           |          |      |                  |
| L10        |                       |            | VCCAUX                       | VCCAUX      |             |         |            |      |                     |                      |    1.80 |            |           |          |      |                  |
| L11        |                       |            | GND                          | GND         |             |         |            |      |                     |                      |     0.0 |            |           |          |      |                  |
| L12        |                       | High Range | IO_L6P_T0_FCS_B_14           | User IO     |             |      14 |            |      |                     |                      |         |            |           |          |      |                  |
| L13        |                       | High Range | IO_L5N_T0_D07_14             | User IO     |             |      14 |            |      |                     |                      |         |            |           |          |      |                  |
| L14        |                       | High Range | IO_L4P_T0_D04_14             | User IO     |             |      14 |            |      |                     |                      |         |            |           |          |      |                  |
| L15        |                       | High Range | IO_L3P_T0_DQS_PUDC_B_14      | User IO     |             |      14 |            |      |                     |                      |         |            |           |          |      |                  |
| L16        |                       | High Range | VCCO_14                      | VCCO        |             |      14 |            |      |                     |                      |    1.80 |            |           |          |      |                  |
| M1         |                       | High Range | IO_L2N_T0_34                 | User IO     |             |      34 |            |      |                     |                      |         |            |           |          |      |                  |
| M2         |                       | High Range | IO_L2P_T0_34                 | User IO     |             |      34 |            |      |                     |                      |         |            |           |          |      |                  |
| M3         |                       | High Range | VCCO_34                      | VCCO        |             |      34 |            |      |                     |                      |    1.80 |            |           |          |      |                  |
| M4         |                       | High Range | IO_L1N_T0_34                 | User IO     |             |      34 |            |      |                     |                      |         |            |           |          |      |                  |
| M5         | m_axis_data_tuser[8]  | High Range | IO_L6P_T0_34                 | OUTPUT      | LVCMOS18*   |      34 |         12 | SLOW |                     |            FP_VTT_50 |         | UNFIXED    |           |          |      | NONE             |
| M6         | data_out_re[12]       | High Range | IO_L19P_T3_A10_D26_14        | OUTPUT      | LVCMOS18*   |      14 |         12 | SLOW |                     |            FP_VTT_50 |         | UNFIXED    |           |          |      | NONE             |
| M7         |                       | Dedicated  | TMS_0                        | Config      |             |       0 |            |      |                     |                      |         |            |           |          |      |                  |
| M8         |                       |            | GND                          | GND         |             |         |            |      |                     |                      |     0.0 |            |           |          |      |                  |
| M9         |                       | Dedicated  | M0_0                         | Config      |             |       0 |            |      |                     |                      |         |            |           |          |      |                  |
| M10        |                       | Dedicated  | M1_0                         | Config      |             |       0 |            |      |                     |                      |         |            |           |          |      |                  |
| M11        |                       | Dedicated  | M2_0                         | Config      |             |       0 |            |      |                     |                      |         |            |           |          |      |                  |
| M12        |                       | High Range | IO_L6N_T0_D08_VREF_14        | User IO     |             |      14 |            |      |                     |                      |         |            |           |          |      |                  |
| M13        |                       | High Range | VCCO_14                      | VCCO        |             |      14 |            |      |                     |                      |    1.80 |            |           |          |      |                  |
| M14        |                       | High Range | IO_L4N_T0_D05_14             | User IO     |             |      14 |            |      |                     |                      |         |            |           |          |      |                  |
| M15        |                       | High Range | IO_L3N_T0_DQS_EMCCLK_14      | User IO     |             |      14 |            |      |                     |                      |         |            |           |          |      |                  |
| M16        |                       | High Range | IO_L7P_T1_D09_14             | User IO     |             |      14 |            |      |                     |                      |         |            |           |          |      |                  |
| N1         | s_axis_data_tready    | High Range | IO_L4P_T0_34                 | OUTPUT      | LVCMOS18*   |      34 |         12 | SLOW |                     |            FP_VTT_50 |         | UNFIXED    |           |          |      | NONE             |
| N2         |                       | High Range | IO_L3N_T0_DQS_34             | User IO     |             |      34 |            |      |                     |                      |         |            |           |          |      |                  |
| N3         |                       | High Range | IO_L3P_T0_DQS_34             | User IO     |             |      34 |            |      |                     |                      |         |            |           |          |      |                  |
| N4         | m_axis_data_tuser[7]  | High Range | IO_L6N_T0_VREF_34            | OUTPUT      | LVCMOS18*   |      34 |         12 | SLOW |                     |            FP_VTT_50 |         | UNFIXED    |           |          |      | NONE             |
| N5         |                       |            | GND                          | GND         |             |         |            |      |                     |                      |     0.0 |            |           |          |      |                  |
| N6         | data_out_re[11]       | High Range | IO_L19N_T3_A09_D25_VREF_14   | OUTPUT      | LVCMOS18*   |      14 |         12 | SLOW |                     |            FP_VTT_50 |         | UNFIXED    |           |          |      | NONE             |
| N7         |                       | Dedicated  | TDI_0                        | Config      |             |       0 |            |      |                     |                      |         |            |           |          |      |                  |
| N8         |                       | Dedicated  | TDO_0                        | Config      |             |       0 |            |      |                     |                      |         |            |           |          |      |                  |
| N9         | data_out_re[14]       | High Range | IO_L18P_T2_A12_D28_14        | OUTPUT      | LVCMOS18*   |      14 |         12 | SLOW |                     |            FP_VTT_50 |         | UNFIXED    |           |          |      | NONE             |
| N10        |                       | High Range | VCCO_14                      | VCCO        |             |      14 |            |      |                     |                      |    1.80 |            |           |          |      |                  |
| N11        | data_out_re[24]       | High Range | IO_L13P_T2_MRCC_14           | OUTPUT      | LVCMOS18*   |      14 |         12 | SLOW |                     |            FP_VTT_50 |         | UNFIXED    |           |          |      | NONE             |
| N12        | data_out_re[23]       | High Range | IO_L13N_T2_MRCC_14           | OUTPUT      | LVCMOS18*   |      14 |         12 | SLOW |                     |            FP_VTT_50 |         | UNFIXED    |           |          |      | NONE             |
| N13        | clk                   | High Range | IO_L11P_T1_SRCC_14           | INPUT       | LVCMOS18*   |      14 |            |      |                     |                 NONE |         | UNFIXED    |           |          |      | NONE             |
| N14        | data_out_re[26]       | High Range | IO_L12P_T1_MRCC_14           | OUTPUT      | LVCMOS18*   |      14 |         12 | SLOW |                     |            FP_VTT_50 |         | UNFIXED    |           |          |      | NONE             |
| N15        |                       |            | GND                          | GND         |             |         |            |      |                     |                      |     0.0 |            |           |          |      |                  |
| N16        |                       | High Range | IO_L7N_T1_D10_14             | User IO     |             |      14 |            |      |                     |                      |         |            |           |          |      |                  |
| P1         | s_axis_config_tready  | High Range | IO_L4N_T0_34                 | OUTPUT      | LVCMOS18*   |      34 |         12 | SLOW |                     |            FP_VTT_50 |         | UNFIXED    |           |          |      | NONE             |
| P2         |                       |            | GND                          | GND         |             |         |            |      |                     |                      |     0.0 |            |           |          |      |                  |
| P3         | m_axis_data_tuser[9]  | High Range | IO_L5N_T0_34                 | OUTPUT      | LVCMOS18*   |      34 |         12 | SLOW |                     |            FP_VTT_50 |         | UNFIXED    |           |          |      | NONE             |
| P4         | m_axis_data_tvalid    | High Range | IO_L5P_T0_34                 | OUTPUT      | LVCMOS18*   |      34 |         12 | SLOW |                     |            FP_VTT_50 |         | UNFIXED    |           |          |      | NONE             |
| P5         | m_axis_data_tuser[0]  | High Range | IO_L10P_T1_34                | OUTPUT      | LVCMOS18*   |      34 |         12 | SLOW |                     |            FP_VTT_50 |         | UNFIXED    |           |          |      | NONE             |
| P6         | data_out_re[0]        | High Range | IO_25_14                     | OUTPUT      | LVCMOS18*   |      14 |         12 | SLOW |                     |            FP_VTT_50 |         | UNFIXED    |           |          |      | NONE             |
| P7         |                       | High Range | VCCO_14                      | VCCO        |             |      14 |            |      |                     |                      |    1.80 |            |           |          |      |                  |
| P8         | data_out_re[10]       | High Range | IO_L20P_T3_A08_D24_14        | OUTPUT      | LVCMOS18*   |      14 |         12 | SLOW |                     |            FP_VTT_50 |         | UNFIXED    |           |          |      | NONE             |
| P9         | data_out_re[13]       | High Range | IO_L18N_T2_A11_D27_14        | OUTPUT      | LVCMOS18*   |      14 |         12 | SLOW |                     |            FP_VTT_50 |         | UNFIXED    |           |          |      | NONE             |
| P10        | data_out_re[22]       | High Range | IO_L14P_T2_SRCC_14           | OUTPUT      | LVCMOS18*   |      14 |         12 | SLOW |                     |            FP_VTT_50 |         | UNFIXED    |           |          |      | NONE             |
| P11        | data_out_re[21]       | High Range | IO_L14N_T2_SRCC_14           | OUTPUT      | LVCMOS18*   |      14 |         12 | SLOW |                     |            FP_VTT_50 |         | UNFIXED    |           |          |      | NONE             |
| P12        |                       |            | GND                          | GND         |             |         |            |      |                     |                      |     0.0 |            |           |          |      |                  |
| P13        | data_out_re[27]       | High Range | IO_L11N_T1_SRCC_14           | OUTPUT      | LVCMOS18*   |      14 |         12 | SLOW |                     |            FP_VTT_50 |         | UNFIXED    |           |          |      | NONE             |
| P14        | data_out_re[25]       | High Range | IO_L12N_T1_MRCC_14           | OUTPUT      | LVCMOS18*   |      14 |         12 | SLOW |                     |            FP_VTT_50 |         | UNFIXED    |           |          |      | NONE             |
| P15        |                       | High Range | IO_L8P_T1_D11_14             | User IO     |             |      14 |            |      |                     |                      |         |            |           |          |      |                  |
| P16        |                       | High Range | IO_L8N_T1_D12_14             | User IO     |             |      14 |            |      |                     |                      |         |            |           |          |      |                  |
| R1         | m_axis_data_tuser[5]  | High Range | IO_L7N_T1_34                 | OUTPUT      | LVCMOS18*   |      34 |         12 | SLOW |                     |            FP_VTT_50 |         | UNFIXED    |           |          |      | NONE             |
| R2         | m_axis_data_tuser[6]  | High Range | IO_L7P_T1_34                 | OUTPUT      | LVCMOS18*   |      34 |         12 | SLOW |                     |            FP_VTT_50 |         | UNFIXED    |           |          |      | NONE             |
| R3         | m_axis_data_tuser[4]  | High Range | IO_L8P_T1_34                 | OUTPUT      | LVCMOS18*   |      34 |         12 | SLOW |                     |            FP_VTT_50 |         | UNFIXED    |           |          |      | NONE             |
| R4         |                       | High Range | VCCO_34                      | VCCO        |             |      34 |            |      |                     |                      |    1.80 |            |           |          |      |                  |
| R5         | data_out_re[4]        | High Range | IO_L23P_T3_A03_D19_14        | OUTPUT      | LVCMOS18*   |      14 |         12 | SLOW |                     |            FP_VTT_50 |         | UNFIXED    |           |          |      | NONE             |
| R6         | data_out_re[2]        | High Range | IO_L24P_T3_A01_D17_14        | OUTPUT      | LVCMOS18*   |      14 |         12 | SLOW |                     |            FP_VTT_50 |         | UNFIXED    |           |          |      | NONE             |
| R7         | data_out_re[1]        | High Range | IO_L24N_T3_A00_D16_14        | OUTPUT      | LVCMOS18*   |      14 |         12 | SLOW |                     |            FP_VTT_50 |         | UNFIXED    |           |          |      | NONE             |
| R8         | data_out_re[9]        | High Range | IO_L20N_T3_A07_D23_14        | OUTPUT      | LVCMOS18*   |      14 |         12 | SLOW |                     |            FP_VTT_50 |         | UNFIXED    |           |          |      | NONE             |
| R9         |                       |            | GND                          | GND         |             |         |            |      |                     |                      |     0.0 |            |           |          |      |                  |
| R10        | data_out_re[16]       | High Range | IO_L17P_T2_A14_D30_14        | OUTPUT      | LVCMOS18*   |      14 |         12 | SLOW |                     |            FP_VTT_50 |         | UNFIXED    |           |          |      | NONE             |
| R11        | data_out_re[15]       | High Range | IO_L17N_T2_A13_D29_14        | OUTPUT      | LVCMOS18*   |      14 |         12 | SLOW |                     |            FP_VTT_50 |         | UNFIXED    |           |          |      | NONE             |
| R12        | data_out_re[20]       | High Range | IO_L15P_T2_DQS_RDWR_B_14     | OUTPUT      | LVCMOS18*   |      14 |         12 | SLOW |                     |            FP_VTT_50 |         | UNFIXED    |           |          |      | NONE             |
| R13        | data_out_re[18]       | High Range | IO_L16P_T2_CSI_B_14          | OUTPUT      | LVCMOS18*   |      14 |         12 | SLOW |                     |            FP_VTT_50 |         | UNFIXED    |           |          |      | NONE             |
| R14        |                       | High Range | VCCO_14                      | VCCO        |             |      14 |            |      |                     |                      |    1.80 |            |           |          |      |                  |
| R15        | data_out_re[31]       | High Range | IO_L9P_T1_DQS_14             | OUTPUT      | LVCMOS18*   |      14 |         12 | SLOW |                     |            FP_VTT_50 |         | UNFIXED    |           |          |      | NONE             |
| R16        | data_out_re[30]       | High Range | IO_L9N_T1_DQS_D13_14         | OUTPUT      | LVCMOS18*   |      14 |         12 | SLOW |                     |            FP_VTT_50 |         | UNFIXED    |           |          |      | NONE             |
| T1         |                       | High Range | VCCO_34                      | VCCO        |             |      34 |            |      |                     |                      |    1.80 |            |           |          |      |                  |
| T2         | m_axis_data_tuser[3]  | High Range | IO_L8N_T1_34                 | OUTPUT      | LVCMOS18*   |      34 |         12 | SLOW |                     |            FP_VTT_50 |         | UNFIXED    |           |          |      | NONE             |
| T3         | m_axis_data_tuser[1]  | High Range | IO_L9N_T1_DQS_34             | OUTPUT      | LVCMOS18*   |      34 |         12 | SLOW |                     |            FP_VTT_50 |         | UNFIXED    |           |          |      | NONE             |
| T4         | m_axis_data_tuser[2]  | High Range | IO_L9P_T1_DQS_34             | OUTPUT      | LVCMOS18*   |      34 |         12 | SLOW |                     |            FP_VTT_50 |         | UNFIXED    |           |          |      | NONE             |
| T5         | data_out_re[3]        | High Range | IO_L23N_T3_A02_D18_14        | OUTPUT      | LVCMOS18*   |      14 |         12 | SLOW |                     |            FP_VTT_50 |         | UNFIXED    |           |          |      | NONE             |
| T6         |                       |            | GND                          | GND         |             |         |            |      |                     |                      |     0.0 |            |           |          |      |                  |
| T7         | data_out_re[8]        | High Range | IO_L21P_T3_DQS_14            | OUTPUT      | LVCMOS18*   |      14 |         12 | SLOW |                     |            FP_VTT_50 |         | UNFIXED    |           |          |      | NONE             |
| T8         | data_out_re[7]        | High Range | IO_L21N_T3_DQS_A06_D22_14    | OUTPUT      | LVCMOS18*   |      14 |         12 | SLOW |                     |            FP_VTT_50 |         | UNFIXED    |           |          |      | NONE             |
| T9         | data_out_re[6]        | High Range | IO_L22P_T3_A05_D21_14        | OUTPUT      | LVCMOS18*   |      14 |         12 | SLOW |                     |            FP_VTT_50 |         | UNFIXED    |           |          |      | NONE             |
| T10        | data_out_re[5]        | High Range | IO_L22N_T3_A04_D20_14        | OUTPUT      | LVCMOS18*   |      14 |         12 | SLOW |                     |            FP_VTT_50 |         | UNFIXED    |           |          |      | NONE             |
| T11        |                       | High Range | VCCO_14                      | VCCO        |             |      14 |            |      |                     |                      |    1.80 |            |           |          |      |                  |
| T12        | data_out_re[19]       | High Range | IO_L15N_T2_DQS_DOUT_CSO_B_14 | OUTPUT      | LVCMOS18*   |      14 |         12 | SLOW |                     |            FP_VTT_50 |         | UNFIXED    |           |          |      | NONE             |
| T13        | data_out_re[17]       | High Range | IO_L16N_T2_A15_D31_14        | OUTPUT      | LVCMOS18*   |      14 |         12 | SLOW |                     |            FP_VTT_50 |         | UNFIXED    |           |          |      | NONE             |
| T14        | data_out_re[29]       | High Range | IO_L10P_T1_D14_14            | OUTPUT      | LVCMOS18*   |      14 |         12 | SLOW |                     |            FP_VTT_50 |         | UNFIXED    |           |          |      | NONE             |
| T15        | data_out_re[28]       | High Range | IO_L10N_T1_D15_14            | OUTPUT      | LVCMOS18*   |      14 |         12 | SLOW |                     |            FP_VTT_50 |         | UNFIXED    |           |          |      | NONE             |
| T16        |                       |            | GND                          | GND         |             |         |            |      |                     |                      |     0.0 |            |           |          |      |                  |
+------------+-----------------------+------------+------------------------------+-------------+-------------+---------+------------+------+---------------------+----------------------+---------+------------+-----------+----------+------+------------------+
* Default value
** Special VCCO requirements may apply. Please consult the device family datasheet for specific guideline on VCCO requirements.


