
*** Running vivado
    with args -log fft_top.vds -m64 -product Vivado -mode batch -messageDb vivado.pb -notrace -source fft_top.tcl


****** Vivado v2016.4 (64-bit)
  **** SW Build 1756540 on Mon Jan 23 19:11:23 MST 2017
  **** IP Build 1755317 on Mon Jan 23 20:30:07 MST 2017
    ** Copyright 1986-2016 Xilinx, Inc. All Rights Reserved.

source fft_top.tcl -notrace
Command: synth_design -top fft_top -part xc7a35tcpg236-1 -keep_equivalent_registers -no_lc
Starting synth_design
Attempting to get a license for feature 'Synthesis' and/or device 'xc7a35t'
INFO: [Common 17-349] Got license for feature 'Synthesis' and/or device 'xc7a35t'
INFO: Launching helper process for spawning children vivado processes
INFO: Helper process launched with PID 12268 
---------------------------------------------------------------------------------
Starting Synthesize : Time (s): cpu = 00:00:07 ; elapsed = 00:00:09 . Memory (MB): peak = 326.609 ; gain = 116.945
---------------------------------------------------------------------------------
INFO: [Synth 8-638] synthesizing module 'fft_top' [C:/Users/Administrator/Hoang_Design/Example/1.VHDL/fft_9/fft_9.srcs/sources_1/new/fft_top.vhd:53]
	Parameter d_width bound to: 8 - type: integer 
	Parameter length bound to: 8 - type: integer 
INFO: [Synth 8-638] synthesizing module 'fft_rom' [C:/Users/Administrator/Hoang_Design/Example/1.VHDL/fft_9/fft_9.srcs/sources_1/new/fft_rom.vhd:46]
WARNING: [Synth 8-613] shared variable will be implemented as local to architecture [C:/Users/Administrator/Hoang_Design/Example/1.VHDL/fft_9/fft_9.srcs/sources_1/new/fft_rom.vhd:49]
INFO: [Synth 8-256] done synthesizing module 'fft_rom' (1#1) [C:/Users/Administrator/Hoang_Design/Example/1.VHDL/fft_9/fft_9.srcs/sources_1/new/fft_rom.vhd:46]
INFO: [Synth 8-638] synthesizing module 'fft' [C:/Users/Administrator/Hoang_Design/Example/1.VHDL/fft_9/fft_9.srcs/sources_1/imports/src/fft/fft.vhd:29]
	Parameter d_width bound to: 8 - type: integer 
	Parameter tf_width bound to: 8 - type: integer 
	Parameter length bound to: 8 - type: integer 
INFO: [Synth 8-638] synthesizing module 'counter' [C:/Users/Administrator/Hoang_Design/Example/1.VHDL/fft_9/fft_9.srcs/sources_1/imports/src/counter/counter.vhd:26]
	Parameter width bound to: 8 - type: integer 
INFO: [Synth 8-256] done synthesizing module 'counter' (2#1) [C:/Users/Administrator/Hoang_Design/Example/1.VHDL/fft_9/fft_9.srcs/sources_1/imports/src/counter/counter.vhd:26]
INFO: [Synth 8-638] synthesizing module 'delayline' [C:/Users/Administrator/Hoang_Design/Example/1.VHDL/fft_9/fft_9.srcs/sources_1/imports/src/delayline/delayline.vhd:27]
	Parameter delay bound to: 7 - type: integer 
	Parameter iowidth bound to: 9 - type: integer 
INFO: [Synth 8-256] done synthesizing module 'delayline' (3#1) [C:/Users/Administrator/Hoang_Design/Example/1.VHDL/fft_9/fft_9.srcs/sources_1/imports/src/delayline/delayline.vhd:27]
INFO: [Synth 8-638] synthesizing module 'rotator' [C:/Users/Administrator/Hoang_Design/Example/1.VHDL/fft_9/fft_9.srcs/sources_1/imports/src/rotator/rotator.vhd:36]
	Parameter d_width bound to: 9 - type: integer 
	Parameter tf_width bound to: 8 - type: integer 
INFO: [Synth 8-256] done synthesizing module 'rotator' (4#1) [C:/Users/Administrator/Hoang_Design/Example/1.VHDL/fft_9/fft_9.srcs/sources_1/imports/src/rotator/rotator.vhd:36]
INFO: [Synth 8-638] synthesizing module 'twiddle_rom' [C:/Users/Administrator/Hoang_Design/Example/1.VHDL/fft_9/fft_9.srcs/sources_1/imports/src/twiddle_rom/twiddle_rom.vhd:38]
	Parameter exponent bound to: 8 - type: integer 
	Parameter inwidth bound to: 7 - type: integer 
	Parameter outwidth bound to: 8 - type: integer 
INFO: [Synth 8-256] done synthesizing module 'twiddle_rom' (5#1) [C:/Users/Administrator/Hoang_Design/Example/1.VHDL/fft_9/fft_9.srcs/sources_1/imports/src/twiddle_rom/twiddle_rom.vhd:38]
INFO: [Synth 8-638] synthesizing module 'butterfly' [C:/Users/Administrator/Hoang_Design/Example/1.VHDL/fft_9/fft_9.srcs/sources_1/imports/src/butterfly/butterfly.vhd:43]
	Parameter iowidth bound to: 8 - type: integer 
INFO: [Synth 8-256] done synthesizing module 'butterfly' (6#1) [C:/Users/Administrator/Hoang_Design/Example/1.VHDL/fft_9/fft_9.srcs/sources_1/imports/src/butterfly/butterfly.vhd:43]
INFO: [Synth 8-638] synthesizing module 'delayline__parameterized0' [C:/Users/Administrator/Hoang_Design/Example/1.VHDL/fft_9/fft_9.srcs/sources_1/imports/src/delayline/delayline.vhd:27]
	Parameter delay bound to: 6 - type: integer 
	Parameter iowidth bound to: 10 - type: integer 
INFO: [Synth 8-256] done synthesizing module 'delayline__parameterized0' (6#1) [C:/Users/Administrator/Hoang_Design/Example/1.VHDL/fft_9/fft_9.srcs/sources_1/imports/src/delayline/delayline.vhd:27]
INFO: [Synth 8-638] synthesizing module 'delayline__parameterized1' [C:/Users/Administrator/Hoang_Design/Example/1.VHDL/fft_9/fft_9.srcs/sources_1/imports/src/delayline/delayline.vhd:27]
	Parameter delay bound to: 6 - type: integer 
	Parameter iowidth bound to: 10 - type: integer 
INFO: [Synth 8-256] done synthesizing module 'delayline__parameterized1' (6#1) [C:/Users/Administrator/Hoang_Design/Example/1.VHDL/fft_9/fft_9.srcs/sources_1/imports/src/delayline/delayline.vhd:27]
INFO: [Synth 8-638] synthesizing module 'rotator__parameterized0' [C:/Users/Administrator/Hoang_Design/Example/1.VHDL/fft_9/fft_9.srcs/sources_1/imports/src/rotator/rotator.vhd:36]
	Parameter d_width bound to: 10 - type: integer 
	Parameter tf_width bound to: 8 - type: integer 
INFO: [Synth 8-256] done synthesizing module 'rotator__parameterized0' (6#1) [C:/Users/Administrator/Hoang_Design/Example/1.VHDL/fft_9/fft_9.srcs/sources_1/imports/src/rotator/rotator.vhd:36]
INFO: [Synth 8-638] synthesizing module 'twiddle_rom__parameterized0' [C:/Users/Administrator/Hoang_Design/Example/1.VHDL/fft_9/fft_9.srcs/sources_1/imports/src/twiddle_rom/twiddle_rom.vhd:38]
	Parameter exponent bound to: 8 - type: integer 
	Parameter inwidth bound to: 6 - type: integer 
	Parameter outwidth bound to: 8 - type: integer 
INFO: [Synth 8-256] done synthesizing module 'twiddle_rom__parameterized0' (6#1) [C:/Users/Administrator/Hoang_Design/Example/1.VHDL/fft_9/fft_9.srcs/sources_1/imports/src/twiddle_rom/twiddle_rom.vhd:38]
INFO: [Synth 8-638] synthesizing module 'butterfly__parameterized0' [C:/Users/Administrator/Hoang_Design/Example/1.VHDL/fft_9/fft_9.srcs/sources_1/imports/src/butterfly/butterfly.vhd:43]
	Parameter iowidth bound to: 9 - type: integer 
INFO: [Synth 8-256] done synthesizing module 'butterfly__parameterized0' (6#1) [C:/Users/Administrator/Hoang_Design/Example/1.VHDL/fft_9/fft_9.srcs/sources_1/imports/src/butterfly/butterfly.vhd:43]
INFO: [Synth 8-638] synthesizing module 'delayline__parameterized2' [C:/Users/Administrator/Hoang_Design/Example/1.VHDL/fft_9/fft_9.srcs/sources_1/imports/src/delayline/delayline.vhd:27]
	Parameter delay bound to: 5 - type: integer 
	Parameter iowidth bound to: 11 - type: integer 
INFO: [Synth 8-256] done synthesizing module 'delayline__parameterized2' (6#1) [C:/Users/Administrator/Hoang_Design/Example/1.VHDL/fft_9/fft_9.srcs/sources_1/imports/src/delayline/delayline.vhd:27]
INFO: [Synth 8-638] synthesizing module 'delayline__parameterized3' [C:/Users/Administrator/Hoang_Design/Example/1.VHDL/fft_9/fft_9.srcs/sources_1/imports/src/delayline/delayline.vhd:27]
	Parameter delay bound to: 5 - type: integer 
	Parameter iowidth bound to: 11 - type: integer 
INFO: [Synth 8-256] done synthesizing module 'delayline__parameterized3' (6#1) [C:/Users/Administrator/Hoang_Design/Example/1.VHDL/fft_9/fft_9.srcs/sources_1/imports/src/delayline/delayline.vhd:27]
INFO: [Synth 8-638] synthesizing module 'rotator__parameterized1' [C:/Users/Administrator/Hoang_Design/Example/1.VHDL/fft_9/fft_9.srcs/sources_1/imports/src/rotator/rotator.vhd:36]
	Parameter d_width bound to: 11 - type: integer 
	Parameter tf_width bound to: 8 - type: integer 
INFO: [Synth 8-256] done synthesizing module 'rotator__parameterized1' (6#1) [C:/Users/Administrator/Hoang_Design/Example/1.VHDL/fft_9/fft_9.srcs/sources_1/imports/src/rotator/rotator.vhd:36]
INFO: [Synth 8-638] synthesizing module 'twiddle_rom__parameterized1' [C:/Users/Administrator/Hoang_Design/Example/1.VHDL/fft_9/fft_9.srcs/sources_1/imports/src/twiddle_rom/twiddle_rom.vhd:38]
	Parameter exponent bound to: 8 - type: integer 
	Parameter inwidth bound to: 5 - type: integer 
	Parameter outwidth bound to: 8 - type: integer 
INFO: [Synth 8-256] done synthesizing module 'twiddle_rom__parameterized1' (6#1) [C:/Users/Administrator/Hoang_Design/Example/1.VHDL/fft_9/fft_9.srcs/sources_1/imports/src/twiddle_rom/twiddle_rom.vhd:38]
INFO: [Synth 8-638] synthesizing module 'butterfly__parameterized1' [C:/Users/Administrator/Hoang_Design/Example/1.VHDL/fft_9/fft_9.srcs/sources_1/imports/src/butterfly/butterfly.vhd:43]
	Parameter iowidth bound to: 10 - type: integer 
INFO: [Synth 8-256] done synthesizing module 'butterfly__parameterized1' (6#1) [C:/Users/Administrator/Hoang_Design/Example/1.VHDL/fft_9/fft_9.srcs/sources_1/imports/src/butterfly/butterfly.vhd:43]
INFO: [Synth 8-638] synthesizing module 'delayline__parameterized4' [C:/Users/Administrator/Hoang_Design/Example/1.VHDL/fft_9/fft_9.srcs/sources_1/imports/src/delayline/delayline.vhd:27]
	Parameter delay bound to: 4 - type: integer 
	Parameter iowidth bound to: 12 - type: integer 
INFO: [Synth 8-256] done synthesizing module 'delayline__parameterized4' (6#1) [C:/Users/Administrator/Hoang_Design/Example/1.VHDL/fft_9/fft_9.srcs/sources_1/imports/src/delayline/delayline.vhd:27]
INFO: [Synth 8-638] synthesizing module 'delayline__parameterized5' [C:/Users/Administrator/Hoang_Design/Example/1.VHDL/fft_9/fft_9.srcs/sources_1/imports/src/delayline/delayline.vhd:27]
	Parameter delay bound to: 4 - type: integer 
	Parameter iowidth bound to: 12 - type: integer 
INFO: [Synth 8-256] done synthesizing module 'delayline__parameterized5' (6#1) [C:/Users/Administrator/Hoang_Design/Example/1.VHDL/fft_9/fft_9.srcs/sources_1/imports/src/delayline/delayline.vhd:27]
INFO: [Synth 8-638] synthesizing module 'rotator__parameterized2' [C:/Users/Administrator/Hoang_Design/Example/1.VHDL/fft_9/fft_9.srcs/sources_1/imports/src/rotator/rotator.vhd:36]
	Parameter d_width bound to: 12 - type: integer 
	Parameter tf_width bound to: 8 - type: integer 
INFO: [Synth 8-256] done synthesizing module 'rotator__parameterized2' (6#1) [C:/Users/Administrator/Hoang_Design/Example/1.VHDL/fft_9/fft_9.srcs/sources_1/imports/src/rotator/rotator.vhd:36]
INFO: [Synth 8-638] synthesizing module 'twiddle_rom__parameterized2' [C:/Users/Administrator/Hoang_Design/Example/1.VHDL/fft_9/fft_9.srcs/sources_1/imports/src/twiddle_rom/twiddle_rom.vhd:38]
	Parameter exponent bound to: 8 - type: integer 
	Parameter inwidth bound to: 4 - type: integer 
	Parameter outwidth bound to: 8 - type: integer 
INFO: [Synth 8-256] done synthesizing module 'twiddle_rom__parameterized2' (6#1) [C:/Users/Administrator/Hoang_Design/Example/1.VHDL/fft_9/fft_9.srcs/sources_1/imports/src/twiddle_rom/twiddle_rom.vhd:38]
INFO: [Synth 8-638] synthesizing module 'butterfly__parameterized2' [C:/Users/Administrator/Hoang_Design/Example/1.VHDL/fft_9/fft_9.srcs/sources_1/imports/src/butterfly/butterfly.vhd:43]
	Parameter iowidth bound to: 11 - type: integer 
INFO: [Synth 8-256] done synthesizing module 'butterfly__parameterized2' (6#1) [C:/Users/Administrator/Hoang_Design/Example/1.VHDL/fft_9/fft_9.srcs/sources_1/imports/src/butterfly/butterfly.vhd:43]
INFO: [Synth 8-638] synthesizing module 'delayline__parameterized6' [C:/Users/Administrator/Hoang_Design/Example/1.VHDL/fft_9/fft_9.srcs/sources_1/imports/src/delayline/delayline.vhd:27]
	Parameter delay bound to: 3 - type: integer 
	Parameter iowidth bound to: 13 - type: integer 
INFO: [Synth 8-256] done synthesizing module 'delayline__parameterized6' (6#1) [C:/Users/Administrator/Hoang_Design/Example/1.VHDL/fft_9/fft_9.srcs/sources_1/imports/src/delayline/delayline.vhd:27]
INFO: [Synth 8-638] synthesizing module 'delayline__parameterized7' [C:/Users/Administrator/Hoang_Design/Example/1.VHDL/fft_9/fft_9.srcs/sources_1/imports/src/delayline/delayline.vhd:27]
	Parameter delay bound to: 3 - type: integer 
	Parameter iowidth bound to: 13 - type: integer 
INFO: [Synth 8-256] done synthesizing module 'delayline__parameterized7' (6#1) [C:/Users/Administrator/Hoang_Design/Example/1.VHDL/fft_9/fft_9.srcs/sources_1/imports/src/delayline/delayline.vhd:27]
INFO: [Synth 8-638] synthesizing module 'rotator__parameterized3' [C:/Users/Administrator/Hoang_Design/Example/1.VHDL/fft_9/fft_9.srcs/sources_1/imports/src/rotator/rotator.vhd:36]
	Parameter d_width bound to: 13 - type: integer 
	Parameter tf_width bound to: 8 - type: integer 
INFO: [Synth 8-256] done synthesizing module 'rotator__parameterized3' (6#1) [C:/Users/Administrator/Hoang_Design/Example/1.VHDL/fft_9/fft_9.srcs/sources_1/imports/src/rotator/rotator.vhd:36]
INFO: [Synth 8-638] synthesizing module 'twiddle_rom__parameterized3' [C:/Users/Administrator/Hoang_Design/Example/1.VHDL/fft_9/fft_9.srcs/sources_1/imports/src/twiddle_rom/twiddle_rom.vhd:38]
	Parameter exponent bound to: 8 - type: integer 
	Parameter inwidth bound to: 3 - type: integer 
	Parameter outwidth bound to: 8 - type: integer 
INFO: [Synth 8-256] done synthesizing module 'twiddle_rom__parameterized3' (6#1) [C:/Users/Administrator/Hoang_Design/Example/1.VHDL/fft_9/fft_9.srcs/sources_1/imports/src/twiddle_rom/twiddle_rom.vhd:38]
INFO: [Synth 8-638] synthesizing module 'butterfly__parameterized3' [C:/Users/Administrator/Hoang_Design/Example/1.VHDL/fft_9/fft_9.srcs/sources_1/imports/src/butterfly/butterfly.vhd:43]
	Parameter iowidth bound to: 12 - type: integer 
INFO: [Synth 8-256] done synthesizing module 'butterfly__parameterized3' (6#1) [C:/Users/Administrator/Hoang_Design/Example/1.VHDL/fft_9/fft_9.srcs/sources_1/imports/src/butterfly/butterfly.vhd:43]
INFO: [Synth 8-638] synthesizing module 'delayline__parameterized8' [C:/Users/Administrator/Hoang_Design/Example/1.VHDL/fft_9/fft_9.srcs/sources_1/imports/src/delayline/delayline.vhd:27]
	Parameter delay bound to: 2 - type: integer 
	Parameter iowidth bound to: 14 - type: integer 
INFO: [Synth 8-256] done synthesizing module 'delayline__parameterized8' (6#1) [C:/Users/Administrator/Hoang_Design/Example/1.VHDL/fft_9/fft_9.srcs/sources_1/imports/src/delayline/delayline.vhd:27]
INFO: [Synth 8-638] synthesizing module 'delayline__parameterized9' [C:/Users/Administrator/Hoang_Design/Example/1.VHDL/fft_9/fft_9.srcs/sources_1/imports/src/delayline/delayline.vhd:27]
	Parameter delay bound to: 2 - type: integer 
	Parameter iowidth bound to: 14 - type: integer 
INFO: [Synth 8-256] done synthesizing module 'delayline__parameterized9' (6#1) [C:/Users/Administrator/Hoang_Design/Example/1.VHDL/fft_9/fft_9.srcs/sources_1/imports/src/delayline/delayline.vhd:27]
INFO: [Synth 8-638] synthesizing module 'rotator__parameterized4' [C:/Users/Administrator/Hoang_Design/Example/1.VHDL/fft_9/fft_9.srcs/sources_1/imports/src/rotator/rotator.vhd:36]
	Parameter d_width bound to: 14 - type: integer 
	Parameter tf_width bound to: 8 - type: integer 
INFO: [Synth 8-256] done synthesizing module 'rotator__parameterized4' (6#1) [C:/Users/Administrator/Hoang_Design/Example/1.VHDL/fft_9/fft_9.srcs/sources_1/imports/src/rotator/rotator.vhd:36]
INFO: [Synth 8-638] synthesizing module 'twiddle_rom__parameterized4' [C:/Users/Administrator/Hoang_Design/Example/1.VHDL/fft_9/fft_9.srcs/sources_1/imports/src/twiddle_rom/twiddle_rom.vhd:38]
	Parameter exponent bound to: 8 - type: integer 
	Parameter inwidth bound to: 2 - type: integer 
	Parameter outwidth bound to: 8 - type: integer 
INFO: [Synth 8-256] done synthesizing module 'twiddle_rom__parameterized4' (6#1) [C:/Users/Administrator/Hoang_Design/Example/1.VHDL/fft_9/fft_9.srcs/sources_1/imports/src/twiddle_rom/twiddle_rom.vhd:38]
INFO: [Synth 8-638] synthesizing module 'butterfly__parameterized4' [C:/Users/Administrator/Hoang_Design/Example/1.VHDL/fft_9/fft_9.srcs/sources_1/imports/src/butterfly/butterfly.vhd:43]
	Parameter iowidth bound to: 13 - type: integer 
INFO: [Synth 8-256] done synthesizing module 'butterfly__parameterized4' (6#1) [C:/Users/Administrator/Hoang_Design/Example/1.VHDL/fft_9/fft_9.srcs/sources_1/imports/src/butterfly/butterfly.vhd:43]
INFO: [Synth 8-638] synthesizing module 'delayline__parameterized10' [C:/Users/Administrator/Hoang_Design/Example/1.VHDL/fft_9/fft_9.srcs/sources_1/imports/src/delayline/delayline.vhd:27]
	Parameter delay bound to: 1 - type: integer 
	Parameter iowidth bound to: 15 - type: integer 
INFO: [Synth 8-256] done synthesizing module 'delayline__parameterized10' (6#1) [C:/Users/Administrator/Hoang_Design/Example/1.VHDL/fft_9/fft_9.srcs/sources_1/imports/src/delayline/delayline.vhd:27]
INFO: [Synth 8-638] synthesizing module 'delayline__parameterized11' [C:/Users/Administrator/Hoang_Design/Example/1.VHDL/fft_9/fft_9.srcs/sources_1/imports/src/delayline/delayline.vhd:27]
	Parameter delay bound to: 1 - type: integer 
	Parameter iowidth bound to: 15 - type: integer 
INFO: [Synth 8-256] done synthesizing module 'delayline__parameterized11' (6#1) [C:/Users/Administrator/Hoang_Design/Example/1.VHDL/fft_9/fft_9.srcs/sources_1/imports/src/delayline/delayline.vhd:27]
INFO: [Synth 8-638] synthesizing module 'rotator__parameterized5' [C:/Users/Administrator/Hoang_Design/Example/1.VHDL/fft_9/fft_9.srcs/sources_1/imports/src/rotator/rotator.vhd:36]
	Parameter d_width bound to: 15 - type: integer 
	Parameter tf_width bound to: 8 - type: integer 
INFO: [Synth 8-256] done synthesizing module 'rotator__parameterized5' (6#1) [C:/Users/Administrator/Hoang_Design/Example/1.VHDL/fft_9/fft_9.srcs/sources_1/imports/src/rotator/rotator.vhd:36]
INFO: [Synth 8-638] synthesizing module 'twiddle_rom__parameterized5' [C:/Users/Administrator/Hoang_Design/Example/1.VHDL/fft_9/fft_9.srcs/sources_1/imports/src/twiddle_rom/twiddle_rom.vhd:38]
	Parameter exponent bound to: 8 - type: integer 
	Parameter inwidth bound to: 1 - type: integer 
	Parameter outwidth bound to: 8 - type: integer 
INFO: [Synth 8-256] done synthesizing module 'twiddle_rom__parameterized5' (6#1) [C:/Users/Administrator/Hoang_Design/Example/1.VHDL/fft_9/fft_9.srcs/sources_1/imports/src/twiddle_rom/twiddle_rom.vhd:38]
INFO: [Synth 8-638] synthesizing module 'butterfly__parameterized5' [C:/Users/Administrator/Hoang_Design/Example/1.VHDL/fft_9/fft_9.srcs/sources_1/imports/src/butterfly/butterfly.vhd:43]
	Parameter iowidth bound to: 14 - type: integer 
INFO: [Synth 8-256] done synthesizing module 'butterfly__parameterized5' (6#1) [C:/Users/Administrator/Hoang_Design/Example/1.VHDL/fft_9/fft_9.srcs/sources_1/imports/src/butterfly/butterfly.vhd:43]
INFO: [Synth 8-638] synthesizing module 'butterfly__parameterized6' [C:/Users/Administrator/Hoang_Design/Example/1.VHDL/fft_9/fft_9.srcs/sources_1/imports/src/butterfly/butterfly.vhd:43]
	Parameter iowidth bound to: 15 - type: integer 
INFO: [Synth 8-256] done synthesizing module 'butterfly__parameterized6' (6#1) [C:/Users/Administrator/Hoang_Design/Example/1.VHDL/fft_9/fft_9.srcs/sources_1/imports/src/butterfly/butterfly.vhd:43]
WARNING: [Synth 8-3936] Found unconnected internal register 'cnt_workaround[7].ctl_cnt_reg[7]' and it is trimmed from '8' to '1' bits. [C:/Users/Administrator/Hoang_Design/Example/1.VHDL/fft_9/fft_9.srcs/sources_1/imports/src/fft/fft.vhd:147]
WARNING: [Synth 8-3936] Found unconnected internal register 'cnt_workaround[6].ctl_cnt_reg[6]' and it is trimmed from '8' to '2' bits. [C:/Users/Administrator/Hoang_Design/Example/1.VHDL/fft_9/fft_9.srcs/sources_1/imports/src/fft/fft.vhd:147]
WARNING: [Synth 8-3936] Found unconnected internal register 'cnt_workaround[5].ctl_cnt_reg[5]' and it is trimmed from '8' to '3' bits. [C:/Users/Administrator/Hoang_Design/Example/1.VHDL/fft_9/fft_9.srcs/sources_1/imports/src/fft/fft.vhd:147]
WARNING: [Synth 8-3936] Found unconnected internal register 'cnt_workaround[4].ctl_cnt_reg[4]' and it is trimmed from '8' to '4' bits. [C:/Users/Administrator/Hoang_Design/Example/1.VHDL/fft_9/fft_9.srcs/sources_1/imports/src/fft/fft.vhd:147]
WARNING: [Synth 8-3936] Found unconnected internal register 'cnt_workaround[3].ctl_cnt_reg[3]' and it is trimmed from '8' to '5' bits. [C:/Users/Administrator/Hoang_Design/Example/1.VHDL/fft_9/fft_9.srcs/sources_1/imports/src/fft/fft.vhd:147]
WARNING: [Synth 8-3936] Found unconnected internal register 'cnt_workaround[2].ctl_cnt_reg[2]' and it is trimmed from '8' to '6' bits. [C:/Users/Administrator/Hoang_Design/Example/1.VHDL/fft_9/fft_9.srcs/sources_1/imports/src/fft/fft.vhd:147]
WARNING: [Synth 8-3936] Found unconnected internal register 'cnt_workaround[1].ctl_cnt_reg[1]' and it is trimmed from '8' to '7' bits. [C:/Users/Administrator/Hoang_Design/Example/1.VHDL/fft_9/fft_9.srcs/sources_1/imports/src/fft/fft.vhd:65]
WARNING: [Synth 8-3848] Net t_valid in module/entity fft does not have driver. [C:/Users/Administrator/Hoang_Design/Example/1.VHDL/fft_9/fft_9.srcs/sources_1/imports/src/fft/fft.vhd:21]
INFO: [Synth 8-256] done synthesizing module 'fft' (7#1) [C:/Users/Administrator/Hoang_Design/Example/1.VHDL/fft_9/fft_9.srcs/sources_1/imports/src/fft/fft.vhd:29]
INFO: [Synth 8-256] done synthesizing module 'fft_top' (8#1) [C:/Users/Administrator/Hoang_Design/Example/1.VHDL/fft_9/fft_9.srcs/sources_1/new/fft_top.vhd:53]
WARNING: [Synth 8-3917] design fft_top has port d_im[7] driven by constant 0
WARNING: [Synth 8-3917] design fft_top has port d_im[6] driven by constant 0
WARNING: [Synth 8-3917] design fft_top has port d_im[5] driven by constant 0
WARNING: [Synth 8-3917] design fft_top has port d_im[4] driven by constant 0
WARNING: [Synth 8-3917] design fft_top has port d_im[3] driven by constant 0
WARNING: [Synth 8-3917] design fft_top has port d_im[2] driven by constant 0
WARNING: [Synth 8-3917] design fft_top has port d_im[1] driven by constant 0
WARNING: [Synth 8-3917] design fft_top has port d_im[0] driven by constant 0
WARNING: [Synth 8-3331] design butterfly__parameterized6 has unconnected port clk
WARNING: [Synth 8-3331] design butterfly__parameterized5 has unconnected port clk
WARNING: [Synth 8-3331] design butterfly__parameterized4 has unconnected port clk
WARNING: [Synth 8-3331] design butterfly__parameterized3 has unconnected port clk
WARNING: [Synth 8-3331] design butterfly__parameterized2 has unconnected port clk
WARNING: [Synth 8-3331] design butterfly__parameterized1 has unconnected port clk
WARNING: [Synth 8-3331] design butterfly__parameterized0 has unconnected port clk
WARNING: [Synth 8-3331] design butterfly has unconnected port clk
WARNING: [Synth 8-3331] design fft has unconnected port t_valid
---------------------------------------------------------------------------------
Finished Synthesize : Time (s): cpu = 00:00:11 ; elapsed = 00:00:13 . Memory (MB): peak = 364.844 ; gain = 155.180
---------------------------------------------------------------------------------
---------------------------------------------------------------------------------
Finished Constraint Validation : Time (s): cpu = 00:00:11 ; elapsed = 00:00:13 . Memory (MB): peak = 364.844 ; gain = 155.180
---------------------------------------------------------------------------------
---------------------------------------------------------------------------------
Start Loading Part and Timing Information
---------------------------------------------------------------------------------
Loading part: xc7a35tcpg236-1
---------------------------------------------------------------------------------
Finished Loading Part and Timing Information : Time (s): cpu = 00:00:11 ; elapsed = 00:00:13 . Memory (MB): peak = 364.844 ; gain = 155.180
---------------------------------------------------------------------------------
INFO: [Device 21-403] Loading part xc7a35tcpg236-1
INFO: [Synth 8-5818] HDL ADVISOR - The operator resource <adder> is shared. To prevent sharing consider applying a KEEP on the output of the operator [C:/Users/Administrator/Hoang_Design/Example/1.VHDL/fft_9/fft_9.srcs/sources_1/imports/src/counter/counter.vhd:35]
---------------------------------------------------------------------------------
Finished RTL Optimization Phase 2 : Time (s): cpu = 00:00:12 ; elapsed = 00:00:14 . Memory (MB): peak = 416.773 ; gain = 207.109
---------------------------------------------------------------------------------

Report RTL Partitions: 
+-+--------------+------------+----------+
| |RTL Partition |Replication |Instances |
+-+--------------+------------+----------+
+-+--------------+------------+----------+
No constraint files found.
---------------------------------------------------------------------------------
Start RTL Component Statistics 
---------------------------------------------------------------------------------
Detailed RTL Component Info : 
+---Adders : 
	   2 Input     16 Bit       Adders := 2     
	   3 Input     16 Bit       Adders := 2     
	   2 Input     15 Bit       Adders := 2     
	   3 Input     15 Bit       Adders := 2     
	   2 Input     14 Bit       Adders := 2     
	   3 Input     14 Bit       Adders := 2     
	   2 Input     13 Bit       Adders := 2     
	   3 Input     13 Bit       Adders := 2     
	   2 Input     12 Bit       Adders := 2     
	   3 Input     12 Bit       Adders := 2     
	   2 Input     11 Bit       Adders := 2     
	   3 Input     11 Bit       Adders := 2     
	   2 Input     10 Bit       Adders := 2     
	   3 Input     10 Bit       Adders := 2     
	   2 Input      9 Bit       Adders := 2     
	   3 Input      9 Bit       Adders := 2     
	   2 Input      8 Bit       Adders := 2     
	   2 Input      7 Bit       Adders := 7     
	   2 Input      6 Bit       Adders := 7     
	   2 Input      5 Bit       Adders := 7     
	   2 Input      4 Bit       Adders := 7     
	   2 Input      3 Bit       Adders := 5     
	   2 Input      2 Bit       Adders := 5     
	   2 Input      1 Bit       Adders := 4     
+---Registers : 
	               16 Bit    Registers := 2     
	               15 Bit    Registers := 4     
	               14 Bit    Registers := 4     
	               13 Bit    Registers := 4     
	               12 Bit    Registers := 4     
	               11 Bit    Registers := 4     
	               10 Bit    Registers := 4     
	                9 Bit    Registers := 4     
	                8 Bit    Registers := 18    
	                7 Bit    Registers := 7     
	                6 Bit    Registers := 6     
	                5 Bit    Registers := 6     
	                4 Bit    Registers := 6     
	                3 Bit    Registers := 2     
	                2 Bit    Registers := 2     
	                1 Bit    Registers := 2     
+---RAMs : 
	               1K Bit         RAMs := 2     
	              640 Bit         RAMs := 2     
	              352 Bit         RAMs := 2     
	              192 Bit         RAMs := 2     
	              104 Bit         RAMs := 2     
	               56 Bit         RAMs := 2     
	               30 Bit         RAMs := 2     
+---ROMs : 
	                              ROMs := 3     
+---Muxes : 
	   2 Input     16 Bit        Muxes := 4     
	   2 Input     15 Bit        Muxes := 4     
	   2 Input     14 Bit        Muxes := 4     
	   2 Input     13 Bit        Muxes := 4     
	   2 Input     12 Bit        Muxes := 4     
	   2 Input     11 Bit        Muxes := 4     
	   2 Input     10 Bit        Muxes := 4     
	   2 Input      9 Bit        Muxes := 4     
	   2 Input      8 Bit        Muxes := 15    
	   8 Input      8 Bit        Muxes := 2     
	   4 Input      8 Bit        Muxes := 2     
	   2 Input      7 Bit        Muxes := 1     
	   2 Input      2 Bit        Muxes := 1     
---------------------------------------------------------------------------------
Finished RTL Component Statistics 
---------------------------------------------------------------------------------
---------------------------------------------------------------------------------
Start RTL Hierarchical Component Statistics 
---------------------------------------------------------------------------------
Hierarchical RTL Component report 
Module fft_top 
Detailed RTL Component Info : 
+---Adders : 
	   2 Input      8 Bit       Adders := 1     
+---Registers : 
	                8 Bit    Registers := 2     
Module fft_rom 
Detailed RTL Component Info : 
+---Registers : 
	                8 Bit    Registers := 1     
+---ROMs : 
	                              ROMs := 1     
Module counter 
Detailed RTL Component Info : 
+---Adders : 
	   2 Input      8 Bit       Adders := 1     
+---Registers : 
	                8 Bit    Registers := 1     
+---Muxes : 
	   2 Input      2 Bit        Muxes := 1     
Module butterfly 
Detailed RTL Component Info : 
+---Adders : 
	   2 Input      9 Bit       Adders := 2     
	   3 Input      9 Bit       Adders := 2     
+---Muxes : 
	   2 Input      9 Bit        Muxes := 4     
Module butterfly__parameterized0 
Detailed RTL Component Info : 
+---Adders : 
	   2 Input     10 Bit       Adders := 2     
	   3 Input     10 Bit       Adders := 2     
+---Muxes : 
	   2 Input     10 Bit        Muxes := 4     
Module butterfly__parameterized1 
Detailed RTL Component Info : 
+---Adders : 
	   2 Input     11 Bit       Adders := 2     
	   3 Input     11 Bit       Adders := 2     
+---Muxes : 
	   2 Input     11 Bit        Muxes := 4     
Module butterfly__parameterized2 
Detailed RTL Component Info : 
+---Adders : 
	   2 Input     12 Bit       Adders := 2     
	   3 Input     12 Bit       Adders := 2     
+---Muxes : 
	   2 Input     12 Bit        Muxes := 4     
Module butterfly__parameterized3 
Detailed RTL Component Info : 
+---Adders : 
	   2 Input     13 Bit       Adders := 2     
	   3 Input     13 Bit       Adders := 2     
+---Muxes : 
	   2 Input     13 Bit        Muxes := 4     
Module butterfly__parameterized4 
Detailed RTL Component Info : 
+---Adders : 
	   2 Input     14 Bit       Adders := 2     
	   3 Input     14 Bit       Adders := 2     
+---Muxes : 
	   2 Input     14 Bit        Muxes := 4     
Module butterfly__parameterized5 
Detailed RTL Component Info : 
+---Adders : 
	   2 Input     15 Bit       Adders := 2     
	   3 Input     15 Bit       Adders := 2     
+---Muxes : 
	   2 Input     15 Bit        Muxes := 4     
Module butterfly__parameterized6 
Detailed RTL Component Info : 
+---Adders : 
	   2 Input     16 Bit       Adders := 2     
	   3 Input     16 Bit       Adders := 2     
+---Muxes : 
	   2 Input     16 Bit        Muxes := 4     
Module delayline 
Detailed RTL Component Info : 
+---Adders : 
	   2 Input      7 Bit       Adders := 3     
+---Registers : 
	                9 Bit    Registers := 1     
	                7 Bit    Registers := 2     
+---RAMs : 
	               1K Bit         RAMs := 1     
Module rotator 
Detailed RTL Component Info : 
+---Registers : 
	                9 Bit    Registers := 2     
Module twiddle_rom 
Detailed RTL Component Info : 
+---Adders : 
	   2 Input      7 Bit       Adders := 1     
+---Registers : 
	                8 Bit    Registers := 2     
	                7 Bit    Registers := 2     
+---ROMs : 
	                              ROMs := 2     
+---Muxes : 
	   2 Input      8 Bit        Muxes := 2     
Module delayline__parameterized0 
Detailed RTL Component Info : 
+---Adders : 
	   2 Input      6 Bit       Adders := 3     
+---Registers : 
	               10 Bit    Registers := 1     
	                6 Bit    Registers := 2     
+---RAMs : 
	              640 Bit         RAMs := 1     
Module delayline__parameterized1 
Detailed RTL Component Info : 
+---Adders : 
	   2 Input      6 Bit       Adders := 3     
+---Registers : 
	               10 Bit    Registers := 1     
	                6 Bit    Registers := 2     
+---RAMs : 
	              640 Bit         RAMs := 1     
Module rotator__parameterized0 
Detailed RTL Component Info : 
+---Registers : 
	               10 Bit    Registers := 2     
Module twiddle_rom__parameterized0 
Detailed RTL Component Info : 
+---Adders : 
	   2 Input      6 Bit       Adders := 1     
+---Registers : 
	                8 Bit    Registers := 2     
	                6 Bit    Registers := 1     
+---Muxes : 
	   2 Input      8 Bit        Muxes := 2     
Module delayline__parameterized2 
Detailed RTL Component Info : 
+---Adders : 
	   2 Input      5 Bit       Adders := 3     
+---Registers : 
	               11 Bit    Registers := 1     
	                5 Bit    Registers := 2     
+---RAMs : 
	              352 Bit         RAMs := 1     
Module delayline__parameterized3 
Detailed RTL Component Info : 
+---Adders : 
	   2 Input      5 Bit       Adders := 3     
+---Registers : 
	               11 Bit    Registers := 1     
	                5 Bit    Registers := 2     
+---RAMs : 
	              352 Bit         RAMs := 1     
Module rotator__parameterized1 
Detailed RTL Component Info : 
+---Registers : 
	               11 Bit    Registers := 2     
Module twiddle_rom__parameterized1 
Detailed RTL Component Info : 
+---Adders : 
	   2 Input      5 Bit       Adders := 1     
+---Registers : 
	                8 Bit    Registers := 2     
	                5 Bit    Registers := 1     
+---Muxes : 
	   2 Input      8 Bit        Muxes := 2     
Module delayline__parameterized4 
Detailed RTL Component Info : 
+---Adders : 
	   2 Input      4 Bit       Adders := 3     
+---Registers : 
	               12 Bit    Registers := 1     
	                4 Bit    Registers := 2     
+---RAMs : 
	              192 Bit         RAMs := 1     
Module delayline__parameterized5 
Detailed RTL Component Info : 
+---Adders : 
	   2 Input      4 Bit       Adders := 3     
+---Registers : 
	               12 Bit    Registers := 1     
	                4 Bit    Registers := 2     
+---RAMs : 
	              192 Bit         RAMs := 1     
Module rotator__parameterized2 
Detailed RTL Component Info : 
+---Registers : 
	               12 Bit    Registers := 2     
Module twiddle_rom__parameterized2 
Detailed RTL Component Info : 
+---Adders : 
	   2 Input      4 Bit       Adders := 1     
+---Registers : 
	                8 Bit    Registers := 2     
	                4 Bit    Registers := 1     
+---Muxes : 
	   2 Input      8 Bit        Muxes := 2     
Module delayline__parameterized6 
Detailed RTL Component Info : 
+---Adders : 
	   2 Input      3 Bit       Adders := 2     
+---Registers : 
	               13 Bit    Registers := 1     
+---RAMs : 
	              104 Bit         RAMs := 1     
Module delayline__parameterized7 
Detailed RTL Component Info : 
+---Adders : 
	   2 Input      3 Bit       Adders := 2     
+---Registers : 
	               13 Bit    Registers := 1     
+---RAMs : 
	              104 Bit         RAMs := 1     
Module rotator__parameterized3 
Detailed RTL Component Info : 
+---Registers : 
	               13 Bit    Registers := 2     
Module twiddle_rom__parameterized3 
Detailed RTL Component Info : 
+---Adders : 
	   2 Input      3 Bit       Adders := 1     
+---Registers : 
	                8 Bit    Registers := 2     
	                3 Bit    Registers := 1     
+---Muxes : 
	   8 Input      8 Bit        Muxes := 2     
	   2 Input      8 Bit        Muxes := 2     
Module delayline__parameterized8 
Detailed RTL Component Info : 
+---Adders : 
	   2 Input      2 Bit       Adders := 2     
+---Registers : 
	               14 Bit    Registers := 1     
+---RAMs : 
	               56 Bit         RAMs := 1     
Module delayline__parameterized9 
Detailed RTL Component Info : 
+---Adders : 
	   2 Input      2 Bit       Adders := 2     
+---Registers : 
	               14 Bit    Registers := 1     
+---RAMs : 
	               56 Bit         RAMs := 1     
Module rotator__parameterized4 
Detailed RTL Component Info : 
+---Registers : 
	               14 Bit    Registers := 2     
Module twiddle_rom__parameterized4 
Detailed RTL Component Info : 
+---Adders : 
	   2 Input      2 Bit       Adders := 1     
+---Registers : 
	                8 Bit    Registers := 2     
	                2 Bit    Registers := 1     
+---Muxes : 
	   4 Input      8 Bit        Muxes := 2     
	   2 Input      8 Bit        Muxes := 2     
Module delayline__parameterized10 
Detailed RTL Component Info : 
+---Adders : 
	   2 Input      1 Bit       Adders := 2     
+---Registers : 
	               15 Bit    Registers := 1     
+---RAMs : 
	               30 Bit         RAMs := 1     
Module delayline__parameterized11 
Detailed RTL Component Info : 
+---Adders : 
	   2 Input      1 Bit       Adders := 2     
+---Registers : 
	               15 Bit    Registers := 1     
+---RAMs : 
	               30 Bit         RAMs := 1     
Module rotator__parameterized5 
Detailed RTL Component Info : 
+---Registers : 
	               15 Bit    Registers := 2     
Module twiddle_rom__parameterized5 
Detailed RTL Component Info : 
+---Registers : 
	                8 Bit    Registers := 2     
	                1 Bit    Registers := 1     
+---Muxes : 
	   2 Input      8 Bit        Muxes := 3     
	   2 Input      7 Bit        Muxes := 1     
Module fft 
Detailed RTL Component Info : 
+---Registers : 
	               16 Bit    Registers := 2     
	                7 Bit    Registers := 1     
	                6 Bit    Registers := 1     
	                5 Bit    Registers := 1     
	                4 Bit    Registers := 1     
	                3 Bit    Registers := 1     
	                2 Bit    Registers := 1     
	                1 Bit    Registers := 1     
---------------------------------------------------------------------------------
Finished RTL Hierarchical Component Statistics
---------------------------------------------------------------------------------
---------------------------------------------------------------------------------
Start Part Resource Summary
---------------------------------------------------------------------------------
Part Resources:
DSPs: 90 (col length:60)
BRAMs: 100 (col length: RAMB18 60 RAMB36 30)
---------------------------------------------------------------------------------
Finished Part Resource Summary
---------------------------------------------------------------------------------
No constraint files found.
---------------------------------------------------------------------------------
Start Cross Boundary and Area Optimization
---------------------------------------------------------------------------------
DSP Report: Generating DSP fft_entity/all_instances[2].first_stages_only.rotator/L, operation Mode is: A*B.
DSP Report: operator fft_entity/all_instances[2].first_stages_only.rotator/L is absorbed into DSP fft_entity/all_instances[2].first_stages_only.rotator/L.
DSP Report: Generating DSP fft_entity/all_instances[2].first_stages_only.rotator/o_re0, operation Mode is: C-A*B.
DSP Report: operator fft_entity/all_instances[2].first_stages_only.rotator/o_re0 is absorbed into DSP fft_entity/all_instances[2].first_stages_only.rotator/o_re0.
DSP Report: operator fft_entity/all_instances[2].first_stages_only.rotator/L is absorbed into DSP fft_entity/all_instances[2].first_stages_only.rotator/o_re0.
DSP Report: Generating DSP fft_entity/all_instances[2].first_stages_only.rotator/L, operation Mode is: A*B.
DSP Report: operator fft_entity/all_instances[2].first_stages_only.rotator/L is absorbed into DSP fft_entity/all_instances[2].first_stages_only.rotator/L.
DSP Report: Generating DSP fft_entity/all_instances[2].first_stages_only.rotator/o_im0, operation Mode is: C+A*B.
DSP Report: operator fft_entity/all_instances[2].first_stages_only.rotator/o_im0 is absorbed into DSP fft_entity/all_instances[2].first_stages_only.rotator/o_im0.
DSP Report: operator fft_entity/all_instances[2].first_stages_only.rotator/L is absorbed into DSP fft_entity/all_instances[2].first_stages_only.rotator/o_im0.
DSP Report: Generating DSP fft_entity/all_instances[3].first_stages_only.rotator/L, operation Mode is: A*B.
DSP Report: operator fft_entity/all_instances[3].first_stages_only.rotator/L is absorbed into DSP fft_entity/all_instances[3].first_stages_only.rotator/L.
DSP Report: Generating DSP fft_entity/all_instances[3].first_stages_only.rotator/o_re0, operation Mode is: C-A*B.
DSP Report: operator fft_entity/all_instances[3].first_stages_only.rotator/o_re0 is absorbed into DSP fft_entity/all_instances[3].first_stages_only.rotator/o_re0.
DSP Report: operator fft_entity/all_instances[3].first_stages_only.rotator/L is absorbed into DSP fft_entity/all_instances[3].first_stages_only.rotator/o_re0.
DSP Report: Generating DSP fft_entity/all_instances[3].first_stages_only.rotator/L, operation Mode is: A*B.
DSP Report: operator fft_entity/all_instances[3].first_stages_only.rotator/L is absorbed into DSP fft_entity/all_instances[3].first_stages_only.rotator/L.
DSP Report: Generating DSP fft_entity/all_instances[3].first_stages_only.rotator/o_im0, operation Mode is: C+A*B.
DSP Report: operator fft_entity/all_instances[3].first_stages_only.rotator/o_im0 is absorbed into DSP fft_entity/all_instances[3].first_stages_only.rotator/o_im0.
DSP Report: operator fft_entity/all_instances[3].first_stages_only.rotator/L is absorbed into DSP fft_entity/all_instances[3].first_stages_only.rotator/o_im0.
DSP Report: Generating DSP fft_entity/all_instances[4].first_stages_only.rotator/L, operation Mode is: A*B.
DSP Report: operator fft_entity/all_instances[4].first_stages_only.rotator/L is absorbed into DSP fft_entity/all_instances[4].first_stages_only.rotator/L.
DSP Report: Generating DSP fft_entity/all_instances[4].first_stages_only.rotator/o_re0, operation Mode is: C-A*B.
DSP Report: operator fft_entity/all_instances[4].first_stages_only.rotator/o_re0 is absorbed into DSP fft_entity/all_instances[4].first_stages_only.rotator/o_re0.
DSP Report: operator fft_entity/all_instances[4].first_stages_only.rotator/L is absorbed into DSP fft_entity/all_instances[4].first_stages_only.rotator/o_re0.
DSP Report: Generating DSP fft_entity/all_instances[4].first_stages_only.rotator/L, operation Mode is: A*B.
DSP Report: operator fft_entity/all_instances[4].first_stages_only.rotator/L is absorbed into DSP fft_entity/all_instances[4].first_stages_only.rotator/L.
DSP Report: Generating DSP fft_entity/all_instances[4].first_stages_only.rotator/o_im0, operation Mode is: C+A*B.
DSP Report: operator fft_entity/all_instances[4].first_stages_only.rotator/o_im0 is absorbed into DSP fft_entity/all_instances[4].first_stages_only.rotator/o_im0.
DSP Report: operator fft_entity/all_instances[4].first_stages_only.rotator/L is absorbed into DSP fft_entity/all_instances[4].first_stages_only.rotator/o_im0.
DSP Report: Generating DSP fft_entity/all_instances[5].first_stages_only.rotator/L, operation Mode is: A*B.
DSP Report: operator fft_entity/all_instances[5].first_stages_only.rotator/L is absorbed into DSP fft_entity/all_instances[5].first_stages_only.rotator/L.
DSP Report: Generating DSP fft_entity/all_instances[5].first_stages_only.rotator/o_re0, operation Mode is: C-A*B.
DSP Report: operator fft_entity/all_instances[5].first_stages_only.rotator/o_re0 is absorbed into DSP fft_entity/all_instances[5].first_stages_only.rotator/o_re0.
DSP Report: operator fft_entity/all_instances[5].first_stages_only.rotator/L is absorbed into DSP fft_entity/all_instances[5].first_stages_only.rotator/o_re0.
DSP Report: Generating DSP fft_entity/all_instances[5].first_stages_only.rotator/L, operation Mode is: A*B.
DSP Report: operator fft_entity/all_instances[5].first_stages_only.rotator/L is absorbed into DSP fft_entity/all_instances[5].first_stages_only.rotator/L.
DSP Report: Generating DSP fft_entity/all_instances[5].first_stages_only.rotator/o_im0, operation Mode is: C+A*B.
DSP Report: operator fft_entity/all_instances[5].first_stages_only.rotator/o_im0 is absorbed into DSP fft_entity/all_instances[5].first_stages_only.rotator/o_im0.
DSP Report: operator fft_entity/all_instances[5].first_stages_only.rotator/L is absorbed into DSP fft_entity/all_instances[5].first_stages_only.rotator/o_im0.
DSP Report: Generating DSP fft_entity/all_instances[6].first_stages_only.rotator/L, operation Mode is: A*B.
DSP Report: operator fft_entity/all_instances[6].first_stages_only.rotator/L is absorbed into DSP fft_entity/all_instances[6].first_stages_only.rotator/L.
DSP Report: Generating DSP fft_entity/all_instances[6].first_stages_only.rotator/o_re0, operation Mode is: C-A*B.
DSP Report: operator fft_entity/all_instances[6].first_stages_only.rotator/o_re0 is absorbed into DSP fft_entity/all_instances[6].first_stages_only.rotator/o_re0.
DSP Report: operator fft_entity/all_instances[6].first_stages_only.rotator/L is absorbed into DSP fft_entity/all_instances[6].first_stages_only.rotator/o_re0.
DSP Report: Generating DSP fft_entity/all_instances[6].first_stages_only.rotator/L, operation Mode is: A*B.
DSP Report: operator fft_entity/all_instances[6].first_stages_only.rotator/L is absorbed into DSP fft_entity/all_instances[6].first_stages_only.rotator/L.
DSP Report: Generating DSP fft_entity/all_instances[6].first_stages_only.rotator/o_im0, operation Mode is: C+A*B.
DSP Report: operator fft_entity/all_instances[6].first_stages_only.rotator/o_im0 is absorbed into DSP fft_entity/all_instances[6].first_stages_only.rotator/o_im0.
DSP Report: operator fft_entity/all_instances[6].first_stages_only.rotator/L is absorbed into DSP fft_entity/all_instances[6].first_stages_only.rotator/o_im0.
WARNING: [Synth 8-3917] design fft_top has port d_im[7] driven by constant 0
WARNING: [Synth 8-3917] design fft_top has port d_im[6] driven by constant 0
WARNING: [Synth 8-3917] design fft_top has port d_im[5] driven by constant 0
WARNING: [Synth 8-3917] design fft_top has port d_im[4] driven by constant 0
WARNING: [Synth 8-3917] design fft_top has port d_im[3] driven by constant 0
WARNING: [Synth 8-3917] design fft_top has port d_im[2] driven by constant 0
WARNING: [Synth 8-3917] design fft_top has port d_im[1] driven by constant 0
WARNING: [Synth 8-3917] design fft_top has port d_im[0] driven by constant 0
INFO: [Synth 8-3333] propagating constant 0 across sequential element (\fft_entity/all_instances[4].first_stages_only.tf_rom/output_sin_reg[4] )
INFO: [Synth 8-3333] propagating constant 0 across sequential element (\fft_entity/all_instances[5].first_stages_only.tf_rom/output_sin_reg[3] )
INFO: [Synth 8-3333] propagating constant 0 across sequential element (\fft_entity/all_instances[5].first_stages_only.tf_rom/output_sin_reg[4] )
INFO: [Synth 8-3333] propagating constant 0 across sequential element (\fft_entity/all_instances[5].first_stages_only.tf_rom/output_sin_reg[6] )
INFO: [Synth 8-3333] propagating constant 0 across sequential element (\fft_entity/all_instances[6].first_stages_only.tf_rom/output_cos_reg[7] )
INFO: [Synth 8-3333] propagating constant 0 across sequential element (\fft_entity/all_instances[6].first_stages_only.tf_rom/output_sin_reg[1] )
INFO: [Synth 8-3333] propagating constant 0 across sequential element (\fft_entity/all_instances[6].first_stages_only.tf_rom/output_sin_reg[2] )
INFO: [Synth 8-3333] propagating constant 0 across sequential element (\fft_entity/all_instances[6].first_stages_only.tf_rom/output_sin_reg[3] )
INFO: [Synth 8-3333] propagating constant 0 across sequential element (\fft_entity/all_instances[6].first_stages_only.tf_rom/output_sin_reg[4] )
INFO: [Synth 8-3333] propagating constant 0 across sequential element (\fft_entity/all_instances[6].first_stages_only.tf_rom/output_sin_reg[5] )
INFO: [Synth 8-3333] propagating constant 0 across sequential element (\fft_entity/all_instances[6].first_stages_only.tf_rom/output_sin_reg[6] )
WARNING: [Synth 8-3332] Sequential element (fft_entity/all_instances[4].first_stages_only.tf_rom/output_sin_reg[4]) is unused and will be removed from module fft_top.
WARNING: [Synth 8-3332] Sequential element (fft_entity/all_instances[5].first_stages_only.tf_rom/output_sin_reg[6]) is unused and will be removed from module fft_top.
WARNING: [Synth 8-3332] Sequential element (fft_entity/all_instances[5].first_stages_only.tf_rom/output_sin_reg[4]) is unused and will be removed from module fft_top.
WARNING: [Synth 8-3332] Sequential element (fft_entity/all_instances[5].first_stages_only.tf_rom/output_sin_reg[3]) is unused and will be removed from module fft_top.
WARNING: [Synth 8-3332] Sequential element (fft_entity/all_instances[6].first_stages_only.tf_rom/output_cos_reg[7]) is unused and will be removed from module fft_top.
WARNING: [Synth 8-3332] Sequential element (fft_entity/all_instances[6].first_stages_only.tf_rom/output_sin_reg[6]) is unused and will be removed from module fft_top.
WARNING: [Synth 8-3332] Sequential element (fft_entity/all_instances[6].first_stages_only.tf_rom/output_sin_reg[5]) is unused and will be removed from module fft_top.
WARNING: [Synth 8-3332] Sequential element (fft_entity/all_instances[6].first_stages_only.tf_rom/output_sin_reg[4]) is unused and will be removed from module fft_top.
WARNING: [Synth 8-3332] Sequential element (fft_entity/all_instances[6].first_stages_only.tf_rom/output_sin_reg[3]) is unused and will be removed from module fft_top.
WARNING: [Synth 8-3332] Sequential element (fft_entity/all_instances[6].first_stages_only.tf_rom/output_sin_reg[2]) is unused and will be removed from module fft_top.
WARNING: [Synth 8-3332] Sequential element (fft_entity/all_instances[6].first_stages_only.tf_rom/output_sin_reg[1]) is unused and will be removed from module fft_top.
---------------------------------------------------------------------------------
Finished Cross Boundary and Area Optimization : Time (s): cpu = 00:00:23 ; elapsed = 00:00:26 . Memory (MB): peak = 534.652 ; gain = 324.988
---------------------------------------------------------------------------------
---------------------------------------------------------------------------------
Start ROM, RAM, DSP and Shift Register Reporting
---------------------------------------------------------------------------------

ROM:
+------------+----------------------------------------------------------------------+---------------+----------------+
|Module Name | RTL Object                                                           | Depth x Width | Implemented As | 
+------------+----------------------------------------------------------------------+---------------+----------------+
|fft_rom     | data_reg                                                             | 256x8         | Block RAM      | 
|twiddle_rom | address_reg_rep                                                      | 128x8         | Block RAM      | 
|twiddle_rom | address_reg                                                          | 128x8         | Block RAM      | 
|twiddle_rom | sin_rom[0]                                                           | 64x8          | LUT            | 
|twiddle_rom | cos_rom[0]                                                           | 64x8          | LUT            | 
|twiddle_rom | sin_rom[0]                                                           | 32x8          | LUT            | 
|twiddle_rom | cos_rom[0]                                                           | 32x8          | LUT            | 
|fft_top     | address_reg                                                          | 256x8         | Block RAM      | 
|fft_top     | fft_entity/all_instances[0].first_stages_only.tf_rom/address_reg_rep | 128x8         | Block RAM      | 
|fft_top     | fft_entity/all_instances[0].first_stages_only.tf_rom/address_reg     | 128x8         | Block RAM      | 
|fft_top     | fft_entity/all_instances[1].first_stages_only.tf_rom/sin_rom[0]      | 64x8          | LUT            | 
|fft_top     | fft_entity/all_instances[1].first_stages_only.tf_rom/cos_rom[0]      | 64x8          | LUT            | 
|fft_top     | fft_entity/all_instances[2].first_stages_only.tf_rom/cos_rom[0]      | 32x8          | LUT            | 
|fft_top     | fft_entity/all_instances[2].first_stages_only.tf_rom/sin_rom[0]      | 32x8          | LUT            | 
+------------+----------------------------------------------------------------------+---------------+----------------+


Block RAM: Preliminary Mapping  Report (see note below)
+------------+------------+------------------------+---+---+------------------------+---+---+------------------+--------+--------+
|Module Name | RTL Object | PORT A (Depth x Width) | W | R | PORT B (Depth x Width) | W | R | Ports driving FF | RAMB18 | RAMB36 | 
+------------+------------+------------------------+---+---+------------------------+---+---+------------------+--------+--------+
|delayline   | mem_reg    | 128 x 9(READ_FIRST)    | W |   | 128 x 9(WRITE_FIRST)   |   | R | Port A and B     | 1      | 0      | 
|delayline   | mem_reg    | 128 x 9(READ_FIRST)    | W |   | 128 x 9(WRITE_FIRST)   |   | R | Port A and B     | 1      | 0      | 
+------------+------------+------------------------+---+---+------------------------+---+---+------------------+--------+--------+

Note: The table above is a preliminary report that shows the Block RAMs at the current stage of the synthesis flow. Some Block RAMs may be reimplemented as non Block RAM primitives later in the synthesis flow. Multiple instantiated Block RAMs are reported only once. 

Distributed RAM: Preliminary Mapping  Report (see note below)
+------------+-------------------------------------------------------------+-----------+----------------------+--------------+
|Module Name | RTL Object                                                  | Inference | Size (Depth x Width) | Primitives   | 
+------------+-------------------------------------------------------------+-----------+----------------------+--------------+
|fft_top     | fft_entity/all_instances[1].first_stages_only.dl_re/mem_reg | Implied   | 64 x 10              | RAM64M x 4   | 
|fft_top     | fft_entity/all_instances[1].first_stages_only.dl_im/mem_reg | Implied   | 64 x 10              | RAM64M x 4   | 
|fft_top     | fft_entity/all_instances[2].first_stages_only.dl_re/mem_reg | Implied   | 32 x 11              | RAM32M x 2   | 
|fft_top     | fft_entity/all_instances[2].first_stages_only.dl_im/mem_reg | Implied   | 32 x 11              | RAM32M x 2   | 
|fft_top     | fft_entity/all_instances[3].first_stages_only.dl_re/mem_reg | Implied   | 16 x 12              | RAM32M x 2   | 
|fft_top     | fft_entity/all_instances[3].first_stages_only.dl_im/mem_reg | Implied   | 16 x 12              | RAM32M x 2   | 
|fft_top     | fft_entity/all_instances[4].first_stages_only.dl_re/mem_reg | Implied   | 8 x 13               | RAM32M x 3   | 
|fft_top     | fft_entity/all_instances[4].first_stages_only.dl_im/mem_reg | Implied   | 8 x 13               | RAM32M x 3   | 
|fft_top     | fft_entity/all_instances[5].first_stages_only.dl_re/mem_reg | Implied   | 4 x 14               | RAM32M x 3   | 
|fft_top     | fft_entity/all_instances[5].first_stages_only.dl_im/mem_reg | Implied   | 4 x 14               | RAM32M x 3   | 
|fft_top     | fft_entity/all_instances[6].first_stages_only.dl_re/mem_reg | Implied   | 2 x 15               | RAM32M x 3   | 
|fft_top     | fft_entity/all_instances[6].first_stages_only.dl_im/mem_reg | Implied   | 2 x 15               | RAM32M x 3   | 
+------------+-------------------------------------------------------------+-----------+----------------------+--------------+

Note: The table above is a preliminary report that shows the Distributed RAMs at the current stage of the synthesis flow. Some Distributed RAMs may be reimplemented as non Distributed RAM primitives later in the synthesis flow. Multiple instantiated RAMs are reported only once.

DSP: Preliminary Mapping  Report (see note below)
+------------+-------------+--------+--------+--------+--------+--------+------+------+------+------+-------+------+------+
|Module Name | DSP Mapping | A Size | B Size | C Size | D Size | P Size | AREG | BREG | CREG | DREG | ADREG | MREG | PREG | 
+------------+-------------+--------+--------+--------+--------+--------+------+------+------+------+-------+------+------+
|rotator     | A*B         | 11     | 8      | -      | -      | 19     | 0    | 0    | -    | -    | -     | 0    | 0    | 
|rotator     | C-A*B       | 11     | 8      | 18     | -      | 18     | 0    | 0    | 0    | -    | -     | 0    | 0    | 
|rotator     | A*B         | 11     | 8      | -      | -      | 19     | 0    | 0    | -    | -    | -     | 0    | 0    | 
|rotator     | C+A*B       | 11     | 8      | 18     | -      | 18     | 0    | 0    | 0    | -    | -     | 0    | 0    | 
|rotator     | A*B         | 12     | 8      | -      | -      | 20     | 0    | 0    | -    | -    | -     | 0    | 0    | 
|rotator     | C-A*B       | 12     | 8      | 19     | -      | 19     | 0    | 0    | 0    | -    | -     | 0    | 0    | 
|rotator     | A*B         | 12     | 8      | -      | -      | 20     | 0    | 0    | -    | -    | -     | 0    | 0    | 
|rotator     | C+A*B       | 12     | 8      | 19     | -      | 19     | 0    | 0    | 0    | -    | -     | 0    | 0    | 
|rotator     | A*B         | 13     | 8      | -      | -      | 21     | 0    | 0    | -    | -    | -     | 0    | 0    | 
|rotator     | C-A*B       | 13     | 8      | 20     | -      | 20     | 0    | 0    | 0    | -    | -     | 0    | 0    | 
|rotator     | A*B         | 13     | 8      | -      | -      | 21     | 0    | 0    | -    | -    | -     | 0    | 0    | 
|rotator     | C+A*B       | 13     | 8      | 20     | -      | 20     | 0    | 0    | 0    | -    | -     | 0    | 0    | 
|rotator     | A*B         | 14     | 8      | -      | -      | 22     | 0    | 0    | -    | -    | -     | 0    | 0    | 
|rotator     | C-A*B       | 14     | 8      | 21     | -      | 21     | 0    | 0    | 0    | -    | -     | 0    | 0    | 
|rotator     | A*B         | 14     | 8      | -      | -      | 22     | 0    | 0    | -    | -    | -     | 0    | 0    | 
|rotator     | C+A*B       | 14     | 8      | 21     | -      | 21     | 0    | 0    | 0    | -    | -     | 0    | 0    | 
|rotator     | A*B         | 15     | 8      | -      | -      | 23     | 0    | 0    | -    | -    | -     | 0    | 0    | 
|rotator     | C-A*B       | 15     | 8      | 22     | -      | 22     | 0    | 0    | 0    | -    | -     | 0    | 0    | 
|rotator     | A*B         | 15     | 8      | -      | -      | 23     | 0    | 0    | -    | -    | -     | 0    | 0    | 
|rotator     | C+A*B       | 15     | 8      | 22     | -      | 22     | 0    | 0    | 0    | -    | -     | 0    | 0    | 
+------------+-------------+--------+--------+--------+--------+--------+------+------+------+------+-------+------+------+

Note: The table above is a preliminary report that shows the DSPs inferred at the current stage of the synthesis flow. Some DSP may be reimplemented as non DSP primitives later in the synthesis flow. Multiple instantiated DSPs are reported only once.
---------------------------------------------------------------------------------
Finished ROM, RAM, DSP and Shift Register Reporting
---------------------------------------------------------------------------------

Report RTL Partitions: 
+-+--------------+------------+----------+
| |RTL Partition |Replication |Instances |
+-+--------------+------------+----------+
+-+--------------+------------+----------+
---------------------------------------------------------------------------------
Start Timing Optimization
---------------------------------------------------------------------------------
No constraint files found.
---------------------------------------------------------------------------------
Finished Timing Optimization : Time (s): cpu = 00:00:23 ; elapsed = 00:00:26 . Memory (MB): peak = 534.652 ; gain = 324.988
---------------------------------------------------------------------------------

Report RTL Partitions: 
+-+--------------+------------+----------+
| |RTL Partition |Replication |Instances |
+-+--------------+------------+----------+
+-+--------------+------------+----------+
---------------------------------------------------------------------------------
Start Technology Mapping
---------------------------------------------------------------------------------
INFO: [Synth 8-4480] The timing for the instance fft_entity/all_instances[0].first_stages_only.dl_re/mem_reg (implemented as a block RAM) might be sub-optimal as no optional output register could be merged into the block ram. Providing additional output register may help in improving timing.
INFO: [Synth 8-4480] The timing for the instance fft_entity/all_instances[0].first_stages_only.dl_im/mem_reg (implemented as a block RAM) might be sub-optimal as no optional output register could be merged into the block ram. Providing additional output register may help in improving timing.
---------------------------------------------------------------------------------
Finished Technology Mapping : Time (s): cpu = 00:00:24 ; elapsed = 00:00:27 . Memory (MB): peak = 534.652 ; gain = 324.988
---------------------------------------------------------------------------------

Report RTL Partitions: 
+-+--------------+------------+----------+
| |RTL Partition |Replication |Instances |
+-+--------------+------------+----------+
+-+--------------+------------+----------+
---------------------------------------------------------------------------------
Start IO Insertion
---------------------------------------------------------------------------------
---------------------------------------------------------------------------------
Start Flattening Before IO Insertion
---------------------------------------------------------------------------------
---------------------------------------------------------------------------------
Finished Flattening Before IO Insertion
---------------------------------------------------------------------------------
---------------------------------------------------------------------------------
Start Final Netlist Cleanup
---------------------------------------------------------------------------------
---------------------------------------------------------------------------------
Finished Final Netlist Cleanup
---------------------------------------------------------------------------------
---------------------------------------------------------------------------------
Finished IO Insertion : Time (s): cpu = 00:00:25 ; elapsed = 00:00:28 . Memory (MB): peak = 534.652 ; gain = 324.988
---------------------------------------------------------------------------------

Report Check Netlist: 
+------+------------------+-------+---------+-------+------------------+
|      |Item              |Errors |Warnings |Status |Description       |
+------+------------------+-------+---------+-------+------------------+
|1     |multi_driven_nets |      0|        0|Passed |Multi driven nets |
+------+------------------+-------+---------+-------+------------------+
---------------------------------------------------------------------------------
Start Renaming Generated Instances
---------------------------------------------------------------------------------
---------------------------------------------------------------------------------
Finished Renaming Generated Instances : Time (s): cpu = 00:00:25 ; elapsed = 00:00:28 . Memory (MB): peak = 534.652 ; gain = 324.988
---------------------------------------------------------------------------------

Report RTL Partitions: 
+-+--------------+------------+----------+
| |RTL Partition |Replication |Instances |
+-+--------------+------------+----------+
+-+--------------+------------+----------+
---------------------------------------------------------------------------------
Start Rebuilding User Hierarchy
---------------------------------------------------------------------------------
---------------------------------------------------------------------------------
Finished Rebuilding User Hierarchy : Time (s): cpu = 00:00:25 ; elapsed = 00:00:28 . Memory (MB): peak = 534.652 ; gain = 324.988
---------------------------------------------------------------------------------
---------------------------------------------------------------------------------
Start Renaming Generated Ports
---------------------------------------------------------------------------------
---------------------------------------------------------------------------------
Finished Renaming Generated Ports : Time (s): cpu = 00:00:25 ; elapsed = 00:00:28 . Memory (MB): peak = 534.652 ; gain = 324.988
---------------------------------------------------------------------------------
---------------------------------------------------------------------------------
Start Handling Custom Attributes
---------------------------------------------------------------------------------
---------------------------------------------------------------------------------
Finished Handling Custom Attributes : Time (s): cpu = 00:00:25 ; elapsed = 00:00:28 . Memory (MB): peak = 534.652 ; gain = 324.988
---------------------------------------------------------------------------------
---------------------------------------------------------------------------------
Start Renaming Generated Nets
---------------------------------------------------------------------------------
---------------------------------------------------------------------------------
Finished Renaming Generated Nets : Time (s): cpu = 00:00:25 ; elapsed = 00:00:28 . Memory (MB): peak = 534.652 ; gain = 324.988
---------------------------------------------------------------------------------
---------------------------------------------------------------------------------
Start Writing Synthesis Report
---------------------------------------------------------------------------------

Report BlackBoxes: 
+-+--------------+----------+
| |BlackBox name |Instances |
+-+--------------+----------+
+-+--------------+----------+

Report Cell Usage: 
+------+---------+------+
|      |Cell     |Count |
+------+---------+------+
|1     |BUFG     |     1|
|2     |CARRY4   |   244|
|3     |DSP48E1  |    20|
|4     |LUT1     |    74|
|5     |LUT2     |   654|
|6     |LUT3     |   547|
|7     |LUT4     |   177|
|8     |LUT5     |   213|
|9     |LUT6     |   466|
|10    |RAM32M   |    26|
|11    |RAM64M   |     8|
|12    |RAMB18E1 |     5|
|13    |FDRE     |   512|
|14    |FDSE     |    15|
|15    |IBUF     |     2|
|16    |OBUF     |    48|
+------+---------+------+

Report Instance Areas: 
+------+-------------------------------------------------+----------------------------+------+
|      |Instance                                         |Module                      |Cells |
+------+-------------------------------------------------+----------------------------+------+
|1     |top                                              |                            |  3012|
|2     |  fft_entity                                     |fft                         |  2940|
|3     |    \all_instances[0].butterfly                  |butterfly                   |     8|
|4     |    \all_instances[0].first_stages_only.dl_im    |delayline                   |   146|
|5     |    \all_instances[0].first_stages_only.dl_re    |delayline_0                 |   190|
|6     |    \all_instances[0].first_stages_only.rotator  |rotator                     |   226|
|7     |    \all_instances[0].first_stages_only.tf_rom   |twiddle_rom                 |    96|
|8     |    \all_instances[1].butterfly                  |butterfly__parameterized0   |    16|
|9     |    \all_instances[1].first_stages_only.dl_im    |delayline__parameterized1   |   241|
|10    |    \all_instances[1].first_stages_only.dl_re    |delayline__parameterized0   |   243|
|11    |    \all_instances[1].first_stages_only.rotator  |rotator__parameterized0     |   263|
|12    |    \all_instances[1].first_stages_only.tf_rom   |twiddle_rom__parameterized0 |   141|
|13    |    \all_instances[2].butterfly                  |butterfly__parameterized1   |    56|
|14    |    \all_instances[2].first_stages_only.dl_im    |delayline__parameterized3   |    49|
|15    |    \all_instances[2].first_stages_only.dl_re    |delayline__parameterized2   |    49|
|16    |    \all_instances[2].first_stages_only.rotator  |rotator__parameterized1     |    28|
|17    |    \all_instances[2].first_stages_only.tf_rom   |twiddle_rom__parameterized1 |    57|
|18    |    \all_instances[3].butterfly                  |butterfly__parameterized2   |    60|
|19    |    \all_instances[3].first_stages_only.dl_im    |delayline__parameterized5   |    46|
|20    |    \all_instances[3].first_stages_only.dl_re    |delayline__parameterized4   |    46|
|21    |    \all_instances[3].first_stages_only.rotator  |rotator__parameterized2     |    30|
|22    |    \all_instances[3].first_stages_only.tf_rom   |twiddle_rom__parameterized2 |    55|
|23    |    \all_instances[4].butterfly                  |butterfly__parameterized3   |    68|
|24    |    \all_instances[4].first_stages_only.dl_im    |delayline__parameterized7   |    41|
|25    |    \all_instances[4].first_stages_only.dl_re    |delayline__parameterized6   |    41|
|26    |    \all_instances[4].first_stages_only.rotator  |rotator__parameterized3     |    32|
|27    |    \all_instances[4].first_stages_only.tf_rom   |twiddle_rom__parameterized3 |    49|
|28    |    \all_instances[5].butterfly                  |butterfly__parameterized4   |    72|
|29    |    \all_instances[5].first_stages_only.dl_im    |delayline__parameterized9   |    39|
|30    |    \all_instances[5].first_stages_only.dl_re    |delayline__parameterized8   |    39|
|31    |    \all_instances[5].first_stages_only.rotator  |rotator__parameterized4     |    34|
|32    |    \all_instances[5].first_stages_only.tf_rom   |twiddle_rom__parameterized4 |    36|
|33    |    \all_instances[6].butterfly                  |butterfly__parameterized5   |    76|
|34    |    \all_instances[6].first_stages_only.dl_im    |delayline__parameterized11  |    37|
|35    |    \all_instances[6].first_stages_only.dl_re    |delayline__parameterized10  |    37|
|36    |    \all_instances[6].first_stages_only.rotator  |rotator__parameterized5     |    68|
|37    |    \all_instances[6].first_stages_only.tf_rom   |twiddle_rom__parameterized5 |    20|
|38    |    \all_instances[7].butterfly                  |butterfly__parameterized6   |    80|
|39    |    controller                                   |counter                     |    64|
+------+-------------------------------------------------+----------------------------+------+
---------------------------------------------------------------------------------
Finished Writing Synthesis Report : Time (s): cpu = 00:00:25 ; elapsed = 00:00:28 . Memory (MB): peak = 534.652 ; gain = 324.988
---------------------------------------------------------------------------------
Synthesis finished with 0 errors, 0 critical warnings and 45 warnings.
Synthesis Optimization Runtime : Time (s): cpu = 00:00:21 ; elapsed = 00:00:24 . Memory (MB): peak = 534.652 ; gain = 283.113
Synthesis Optimization Complete : Time (s): cpu = 00:00:25 ; elapsed = 00:00:28 . Memory (MB): peak = 534.652 ; gain = 324.988
INFO: [Project 1-571] Translating synthesized netlist
INFO: [Netlist 29-17] Analyzing 305 Unisim elements for replacement
INFO: [Netlist 29-28] Unisim Transformation completed in 0 CPU seconds
INFO: [Project 1-570] Preparing netlist for logic optimization
INFO: [Opt 31-138] Pushed 0 inverter(s) to 0 load pin(s).
INFO: [Project 1-111] Unisim Transformation Summary:
  A total of 34 instances were transformed.
  RAM32M => RAM32M (RAMD32, RAMD32, RAMD32, RAMD32, RAMD32, RAMD32, RAMS32, RAMS32): 26 instances
  RAM64M => RAM64M (RAMD64E, RAMD64E, RAMD64E, RAMD64E): 8 instances

INFO: [Common 17-83] Releasing license: Synthesis
111 Infos, 45 Warnings, 0 Critical Warnings and 0 Errors encountered.
synth_design completed successfully
synth_design: Time (s): cpu = 00:00:24 ; elapsed = 00:00:27 . Memory (MB): peak = 601.805 ; gain = 358.145
INFO: [Common 17-1381] The checkpoint 'C:/Users/Administrator/Hoang_Design/Example/1.VHDL/fft_9/fft_9.runs/synth_1/fft_top.dcp' has been generated.
report_utilization: Time (s): cpu = 00:00:00 ; elapsed = 00:00:00.032 . Memory (MB): peak = 601.805 ; gain = 0.000
INFO: [Common 17-206] Exiting Vivado at Thu Jun 14 09:32:32 2018...
